<?xml version="1.0" encoding="UTF-8"?>
<testsuite xmlns:xsi="http://www.w3.org/2001/XMLSchema-instance" xsi:noNamespaceSchemaLocation="https://maven.apache.org/surefire/maven-surefire-plugin/xsd/surefire-test-report.xsd" version="3.0.2" name="ar.edu.utn.dds.k3003.controllers.EntidadesControllerTest" time="1.197" tests="7" errors="0" skipped="0" failures="0">
  <properties>
[...]
</properties>
  <testcase name="getEntidadById_noExistente_retorna404" classname="ar.edu.utn.dds.k3003.controllers.EntidadesControllerTest" time="0.006">
    <system-out><![CDATA[2026-05-15T15:32:33.595-03:00  INFO 86572 --- [           main] t.c.s.AnnotationConfigContextLoaderUtils : Could not detect default configuration classes for test class [ar.edu.utn.dds.k3003.controllers.EntidadesControllerTest]: EntidadesControllerTest does not declare any static, non-private, non-final, nested classes annotated with @Configuration.
2026-05-15T15:32:33.595-03:00  INFO 86572 --- [           main] .b.t.c.SpringBootTestContextBootstrapper : Found @SpringBootConfiguration ar.edu.utn.dds.k3003.Application for test class ar.edu.utn.dds.k3003.controllers.EntidadesControllerTest
2026-05-15T15:32:33.596-03:00  INFO 86572 --- [           main] o.s.b.d.r.RestartApplicationListener     : Restart disabled due to context in which it is running

  .   ____          _            __ _ _
 /\\ / ___'_ __ _ _(_)_ __  __ _ \ \ \ \
( ( )\___ | '_ | '_| | '_ \/ _` | \ \ \ \
 \\/  ___)| |_)| | | | | || (_| |  ) ) ) )
  '  |____| .__|_| |_|_| |_\__, | / / / /
 =========|_|==============|___/=/_/_/_/

 :: Spring Boot ::                (v3.5.8)

2026-05-15T15:32:33.601-03:00  INFO 86572 --- [           main] a.e.u.d.k.c.EntidadesControllerTest      : Starting EntidadesControllerTest using Java 26 with PID 86572 (started by u634988 in /Users/u634988/Documents/utn/entrega-2-andrycarrascoutn)
2026-05-15T15:32:33.601-03:00  INFO 86572 --- [           main] a.e.u.d.k.c.EntidadesControllerTest      : No active profile set, falling back to 1 default profile: "default"
2026-05-15T15:32:33.662-03:00  INFO 86572 --- [           main] .s.d.r.c.RepositoryConfigurationDelegate : Bootstrapping Spring Data JPA repositories in DEFAULT mode.
2026-05-15T15:32:33.664-03:00  INFO 86572 --- [           main] .s.d.r.c.RepositoryConfigurationDelegate : Finished Spring Data repository scanning in 1 ms. Found 0 JPA repository interfaces.
2026-05-15T15:32:33.681-03:00  INFO 86572 --- [           main] o.hibernate.jpa.internal.util.LogHelper  : HHH000204: Processing PersistenceUnitInfo [name: default]
2026-05-15T15:32:33.682-03:00  INFO 86572 --- [           main] o.h.c.internal.RegionFactoryInitiator    : HHH000026: Second-level cache disabled
2026-05-15T15:32:33.685-03:00  INFO 86572 --- [           main] o.s.o.j.p.SpringPersistenceUnitInfo      : No LoadTimeWeaver setup: ignoring JPA class transformer
2026-05-15T15:32:33.685-03:00  INFO 86572 --- [           main] com.zaxxer.hikari.HikariDataSource       : HikariPool-32 - Starting...
2026-05-15T15:32:33.686-03:00  INFO 86572 --- [           main] com.zaxxer.hikari.pool.HikariPool        : HikariPool-32 - Added connection conn47: url=jdbc:h2:mem:testdb user=SA
2026-05-15T15:32:33.686-03:00  INFO 86572 --- [           main] com.zaxxer.hikari.HikariDataSource       : HikariPool-32 - Start completed.
2026-05-15T15:32:33.686-03:00  WARN 86572 --- [           main] org.hibernate.orm.deprecation            : HHH90000025: H2Dialect does not need to be specified explicitly using 'hibernate.dialect' (remove the property setting and it will be selected by default)
2026-05-15T15:32:33.686-03:00  INFO 86572 --- [           main] org.hibernate.orm.connections.pooling    : HHH10001005: Database info:
	Database JDBC URL [Connecting through datasource 'HikariDataSource (HikariPool-32)']
	Database driver: undefined/unknown
	Database version: 2.3.232
	Autocommit mode: undefined/unknown
	Isolation level: undefined/unknown
	Minimum pool size: undefined/unknown
	Maximum pool size: undefined/unknown
2026-05-15T15:32:33.692-03:00  INFO 86572 --- [           main] o.h.e.t.j.p.i.JtaPlatformInitiator       : HHH000489: No JTA platform available (set 'hibernate.transaction.jta.platform' to enable JTA platform integration)
2026-05-15T15:32:33.692-03:00  INFO 86572 --- [           main] j.LocalContainerEntityManagerFactoryBean : Initialized JPA EntityManagerFactory for persistence unit 'default'
2026-05-15T15:32:33.700-03:00  WARN 86572 --- [           main] JpaBaseConfiguration$JpaWebConfiguration : spring.jpa.open-in-view is enabled by default. Therefore, database queries may be performed during view rendering. Explicitly configure spring.jpa.open-in-view to disable this warning
2026-05-15T15:32:33.704-03:00  INFO 86572 --- [           main] o.s.v.b.OptionalValidatorFactoryBean     : Failed to set up a Bean Validation provider: jakarta.validation.NoProviderFoundException: Unable to create a Configuration, because no Jakarta Bean Validation provider could be found. Add a provider like Hibernate Validator (RI) to your classpath.
2026-05-15T15:32:33.742-03:00  INFO 86572 --- [           main] o.s.b.a.h2.H2ConsoleAutoConfiguration    : H2 console available at '/h2-console'. Database available at 'jdbc:h2:mem:testdb'
2026-05-15T15:32:33.744-03:00  INFO 86572 --- [           main] o.s.b.t.m.w.SpringBootMockServletContext : Initializing Spring TestDispatcherServlet ''
2026-05-15T15:32:33.744-03:00  INFO 86572 --- [           main] o.s.t.web.servlet.TestDispatcherServlet  : Initializing Servlet ''
2026-05-15T15:32:33.745-03:00  INFO 86572 --- [           main] o.s.b.a.e.web.EndpointLinksResolver      : Exposing 13 endpoints beneath base path '/actuator'
2026-05-15T15:32:33.746-03:00  INFO 86572 --- [           main] o.s.t.web.servlet.TestDispatcherServlet  : Completed initialization in 2 ms
2026-05-15T15:32:33.752-03:00  INFO 86572 --- [           main] a.e.u.d.k.c.EntidadesControllerTest      : Started EntidadesControllerTest in 0.156 seconds (process running for 10.861)
2026-05-15T15:32:33.758-03:00  INFO 86572 --- [           main] j.LocalContainerEntityManagerFactoryBean : Closing JPA EntityManagerFactory for persistence unit 'default'
2026-05-15T15:32:33.759-03:00  INFO 86572 --- [           main] com.zaxxer.hikari.HikariDataSource       : HikariPool-32 - Shutdown initiated...
2026-05-15T15:32:33.759-03:00  INFO 86572 --- [           main] com.zaxxer.hikari.HikariDataSource       : HikariPool-32 - Shutdown completed.
]]></system-out>
  </testcase>
  <testcase name="postEntidades_bodyNulo_retorna400" classname="ar.edu.utn.dds.k3003.controllers.EntidadesControllerTest" time="0.006">
    <system-out><![CDATA[2026-05-15T15:32:33.760-03:00  INFO 86572 --- [           main] o.s.b.d.r.RestartApplicationListener     : Restart disabled due to context in which it is running

  .   ____          _            __ _ _
 /\\ / ___'_ __ _ _(_)_ __  __ _ \ \ \ \
( ( )\___ | '_ | '_| | '_ \/ _` | \ \ \ \
 \\/  ___)| |_)| | | | | || (_| |  ) ) ) )
  '  |____| .__|_| |_|_| |_\__, | / / / /
 =========|_|==============|___/=/_/_/_/

 :: Spring Boot ::                (v3.5.8)

2026-05-15T15:32:33.764-03:00  INFO 86572 --- [           main] a.e.u.d.k.c.EntidadesControllerTest      : Starting EntidadesControllerTest using Java 26 with PID 86572 (started by u634988 in /Users/u634988/Documents/utn/entrega-2-andrycarrascoutn)
2026-05-15T15:32:33.764-03:00  INFO 86572 --- [           main] a.e.u.d.k.c.EntidadesControllerTest      : No active profile set, falling back to 1 default profile: "default"
2026-05-15T15:32:33.822-03:00  INFO 86572 --- [           main] .s.d.r.c.RepositoryConfigurationDelegate : Bootstrapping Spring Data JPA repositories in DEFAULT mode.
2026-05-15T15:32:33.825-03:00  INFO 86572 --- [           main] .s.d.r.c.RepositoryConfigurationDelegate : Finished Spring Data repository scanning in 2 ms. Found 0 JPA repository interfaces.
2026-05-15T15:32:33.841-03:00  INFO 86572 --- [           main] o.hibernate.jpa.internal.util.LogHelper  : HHH000204: Processing PersistenceUnitInfo [name: default]
2026-05-15T15:32:33.842-03:00  INFO 86572 --- [           main] o.h.c.internal.RegionFactoryInitiator    : HHH000026: Second-level cache disabled
2026-05-15T15:32:33.844-03:00  INFO 86572 --- [           main] o.s.o.j.p.SpringPersistenceUnitInfo      : No LoadTimeWeaver setup: ignoring JPA class transformer
2026-05-15T15:32:33.844-03:00  INFO 86572 --- [           main] com.zaxxer.hikari.HikariDataSource       : HikariPool-33 - Starting...
2026-05-15T15:32:33.845-03:00  INFO 86572 --- [           main] com.zaxxer.hikari.pool.HikariPool        : HikariPool-33 - Added connection conn48: url=jdbc:h2:mem:testdb user=SA
2026-05-15T15:32:33.845-03:00  INFO 86572 --- [           main] com.zaxxer.hikari.HikariDataSource       : HikariPool-33 - Start completed.
2026-05-15T15:32:33.845-03:00  WARN 86572 --- [           main] org.hibernate.orm.deprecation            : HHH90000025: H2Dialect does not need to be specified explicitly using 'hibernate.dialect' (remove the property setting and it will be selected by default)
2026-05-15T15:32:33.846-03:00  INFO 86572 --- [           main] org.hibernate.orm.connections.pooling    : HHH10001005: Database info:
	Database JDBC URL [Connecting through datasource 'HikariDataSource (HikariPool-33)']
	Database driver: undefined/unknown
	Database version: 2.3.232
	Autocommit mode: undefined/unknown
	Isolation level: undefined/unknown
	Minimum pool size: undefined/unknown
	Maximum pool size: undefined/unknown
2026-05-15T15:32:33.851-03:00  INFO 86572 --- [           main] o.h.e.t.j.p.i.JtaPlatformInitiator       : HHH000489: No JTA platform available (set 'hibernate.transaction.jta.platform' to enable JTA platform integration)
2026-05-15T15:32:33.851-03:00  INFO 86572 --- [           main] j.LocalContainerEntityManagerFactoryBean : Initialized JPA EntityManagerFactory for persistence unit 'default'
2026-05-15T15:32:33.860-03:00  WARN 86572 --- [           main] JpaBaseConfiguration$JpaWebConfiguration : spring.jpa.open-in-view is enabled by default. Therefore, database queries may be performed during view rendering. Explicitly configure spring.jpa.open-in-view to disable this warning
2026-05-15T15:32:33.863-03:00  INFO 86572 --- [           main] o.s.v.b.OptionalValidatorFactoryBean     : Failed to set up a Bean Validation provider: jakarta.validation.NoProviderFoundException: Unable to create a Configuration, because no Jakarta Bean Validation provider could be found. Add a provider like Hibernate Validator (RI) to your classpath.
2026-05-15T15:32:33.903-03:00  INFO 86572 --- [           main] o.s.b.a.h2.H2ConsoleAutoConfiguration    : H2 console available at '/h2-console'. Database available at 'jdbc:h2:mem:testdb'
2026-05-15T15:32:33.905-03:00  INFO 86572 --- [           main] o.s.b.t.m.w.SpringBootMockServletContext : Initializing Spring TestDispatcherServlet ''
2026-05-15T15:32:33.905-03:00  INFO 86572 --- [           main] o.s.t.web.servlet.TestDispatcherServlet  : Initializing Servlet ''
2026-05-15T15:32:33.905-03:00  INFO 86572 --- [           main] o.s.b.a.e.web.EndpointLinksResolver      : Exposing 13 endpoints beneath base path '/actuator'
2026-05-15T15:32:33.907-03:00  INFO 86572 --- [           main] o.s.t.web.servlet.TestDispatcherServlet  : Completed initialization in 2 ms
2026-05-15T15:32:33.913-03:00  INFO 86572 --- [           main] a.e.u.d.k.c.EntidadesControllerTest      : Started EntidadesControllerTest in 0.153 seconds (process running for 11.022)
2026-05-15T15:32:33.919-03:00  INFO 86572 --- [           main] j.LocalContainerEntityManagerFactoryBean : Closing JPA EntityManagerFactory for persistence unit 'default'
2026-05-15T15:32:33.920-03:00  INFO 86572 --- [           main] com.zaxxer.hikari.HikariDataSource       : HikariPool-33 - Shutdown initiated...
2026-05-15T15:32:33.920-03:00  INFO 86572 --- [           main] com.zaxxer.hikari.HikariDataSource       : HikariPool-33 - Shutdown completed.
]]></system-out>
  </testcase>
  <testcase name="getEntidades_listaVacia_retorna200ConArrayVacio" classname="ar.edu.utn.dds.k3003.controllers.EntidadesControllerTest" time="0.02">
    <system-out><![CDATA[2026-05-15T15:32:33.921-03:00  INFO 86572 --- [           main] o.s.b.d.r.RestartApplicationListener     : Restart disabled due to context in which it is running

  .   ____          _            __ _ _
 /\\ / ___'_ __ _ _(_)_ __  __ _ \ \ \ \
( ( )\___ | '_ | '_| | '_ \/ _` | \ \ \ \
 \\/  ___)| |_)| | | | | || (_| |  ) ) ) )
  '  |____| .__|_| |_|_| |_\__, | / / / /
 =========|_|==============|___/=/_/_/_/

 :: Spring Boot ::                (v3.5.8)

2026-05-15T15:32:33.926-03:00  INFO 86572 --- [           main] a.e.u.d.k.c.EntidadesControllerTest      : Starting EntidadesControllerTest using Java 26 with PID 86572 (started by u634988 in /Users/u634988/Documents/utn/entrega-2-andrycarrascoutn)
2026-05-15T15:32:33.926-03:00  INFO 86572 --- [           main] a.e.u.d.k.c.EntidadesControllerTest      : No active profile set, falling back to 1 default profile: "default"
2026-05-15T15:32:33.987-03:00  INFO 86572 --- [           main] .s.d.r.c.RepositoryConfigurationDelegate : Bootstrapping Spring Data JPA repositories in DEFAULT mode.
2026-05-15T15:32:33.989-03:00  INFO 86572 --- [           main] .s.d.r.c.RepositoryConfigurationDelegate : Finished Spring Data repository scanning in 1 ms. Found 0 JPA repository interfaces.
2026-05-15T15:32:34.006-03:00  INFO 86572 --- [           main] o.hibernate.jpa.internal.util.LogHelper  : HHH000204: Processing PersistenceUnitInfo [name: default]
2026-05-15T15:32:34.007-03:00  INFO 86572 --- [           main] o.h.c.internal.RegionFactoryInitiator    : HHH000026: Second-level cache disabled
2026-05-15T15:32:34.009-03:00  INFO 86572 --- [           main] o.s.o.j.p.SpringPersistenceUnitInfo      : No LoadTimeWeaver setup: ignoring JPA class transformer
2026-05-15T15:32:34.010-03:00  INFO 86572 --- [           main] com.zaxxer.hikari.HikariDataSource       : HikariPool-34 - Starting...
2026-05-15T15:32:34.011-03:00  INFO 86572 --- [           main] com.zaxxer.hikari.pool.HikariPool        : HikariPool-34 - Added connection conn49: url=jdbc:h2:mem:testdb user=SA
2026-05-15T15:32:34.011-03:00  INFO 86572 --- [           main] com.zaxxer.hikari.HikariDataSource       : HikariPool-34 - Start completed.
2026-05-15T15:32:34.011-03:00  WARN 86572 --- [           main] org.hibernate.orm.deprecation            : HHH90000025: H2Dialect does not need to be specified explicitly using 'hibernate.dialect' (remove the property setting and it will be selected by default)
2026-05-15T15:32:34.011-03:00  INFO 86572 --- [           main] org.hibernate.orm.connections.pooling    : HHH10001005: Database info:
	Database JDBC URL [Connecting through datasource 'HikariDataSource (HikariPool-34)']
	Database driver: undefined/unknown
	Database version: 2.3.232
	Autocommit mode: undefined/unknown
	Isolation level: undefined/unknown
	Minimum pool size: undefined/unknown
	Maximum pool size: undefined/unknown
2026-05-15T15:32:34.017-03:00  INFO 86572 --- [           main] o.h.e.t.j.p.i.JtaPlatformInitiator       : HHH000489: No JTA platform available (set 'hibernate.transaction.jta.platform' to enable JTA platform integration)
2026-05-15T15:32:34.017-03:00  INFO 86572 --- [           main] j.LocalContainerEntityManagerFactoryBean : Initialized JPA EntityManagerFactory for persistence unit 'default'
2026-05-15T15:32:34.026-03:00  WARN 86572 --- [           main] JpaBaseConfiguration$JpaWebConfiguration : spring.jpa.open-in-view is enabled by default. Therefore, database queries may be performed during view rendering. Explicitly configure spring.jpa.open-in-view to disable this warning
2026-05-15T15:32:34.029-03:00  INFO 86572 --- [           main] o.s.v.b.OptionalValidatorFactoryBean     : Failed to set up a Bean Validation provider: jakarta.validation.NoProviderFoundException: Unable to create a Configuration, because no Jakarta Bean Validation provider could be found. Add a provider like Hibernate Validator (RI) to your classpath.
2026-05-15T15:32:34.069-03:00  INFO 86572 --- [           main] o.s.b.a.h2.H2ConsoleAutoConfiguration    : H2 console available at '/h2-console'. Database available at 'jdbc:h2:mem:testdb'
2026-05-15T15:32:34.070-03:00  INFO 86572 --- [           main] o.s.b.t.m.w.SpringBootMockServletContext : Initializing Spring TestDispatcherServlet ''
2026-05-15T15:32:34.070-03:00  INFO 86572 --- [           main] o.s.t.web.servlet.TestDispatcherServlet  : Initializing Servlet ''
2026-05-15T15:32:34.071-03:00  INFO 86572 --- [           main] o.s.b.a.e.web.EndpointLinksResolver      : Exposing 13 endpoints beneath base path '/actuator'
2026-05-15T15:32:34.073-03:00  INFO 86572 --- [           main] o.s.t.web.servlet.TestDispatcherServlet  : Completed initialization in 3 ms
2026-05-15T15:32:34.080-03:00  INFO 86572 --- [           main] a.e.u.d.k.c.EntidadesControllerTest      : Started EntidadesControllerTest in 0.159 seconds (process running for 11.188)
2026-05-15T15:32:34.099-03:00  INFO 86572 --- [           main] j.LocalContainerEntityManagerFactoryBean : Closing JPA EntityManagerFactory for persistence unit 'default'
2026-05-15T15:32:34.099-03:00  INFO 86572 --- [           main] com.zaxxer.hikari.HikariDataSource       : HikariPool-34 - Shutdown initiated...
2026-05-15T15:32:34.100-03:00  INFO 86572 --- [           main] com.zaxxer.hikari.HikariDataSource       : HikariPool-34 - Shutdown completed.
]]></system-out>
  </testcase>
  <testcase name="postEntidades_duplicado_retornaError" classname="ar.edu.utn.dds.k3003.controllers.EntidadesControllerTest" time="0.01">
    <system-out><![CDATA[2026-05-15T15:32:34.101-03:00  INFO 86572 --- [           main] o.s.b.d.r.RestartApplicationListener     : Restart disabled due to context in which it is running

  .   ____          _            __ _ _
 /\\ / ___'_ __ _ _(_)_ __  __ _ \ \ \ \
( ( )\___ | '_ | '_| | '_ \/ _` | \ \ \ \
 \\/  ___)| |_)| | | | | || (_| |  ) ) ) )
  '  |____| .__|_| |_|_| |_\__, | / / / /
 =========|_|==============|___/=/_/_/_/

 :: Spring Boot ::                (v3.5.8)

2026-05-15T15:32:34.106-03:00  INFO 86572 --- [           main] a.e.u.d.k.c.EntidadesControllerTest      : Starting EntidadesControllerTest using Java 26 with PID 86572 (started by u634988 in /Users/u634988/Documents/utn/entrega-2-andrycarrascoutn)
2026-05-15T15:32:34.106-03:00  INFO 86572 --- [           main] a.e.u.d.k.c.EntidadesControllerTest      : No active profile set, falling back to 1 default profile: "default"
2026-05-15T15:32:34.170-03:00  INFO 86572 --- [           main] .s.d.r.c.RepositoryConfigurationDelegate : Bootstrapping Spring Data JPA repositories in DEFAULT mode.
2026-05-15T15:32:34.173-03:00  INFO 86572 --- [           main] .s.d.r.c.RepositoryConfigurationDelegate : Finished Spring Data repository scanning in 1 ms. Found 0 JPA repository interfaces.
2026-05-15T15:32:34.189-03:00  INFO 86572 --- [           main] o.hibernate.jpa.internal.util.LogHelper  : HHH000204: Processing PersistenceUnitInfo [name: default]
2026-05-15T15:32:34.189-03:00  INFO 86572 --- [           main] o.h.c.internal.RegionFactoryInitiator    : HHH000026: Second-level cache disabled
2026-05-15T15:32:34.192-03:00  INFO 86572 --- [           main] o.s.o.j.p.SpringPersistenceUnitInfo      : No LoadTimeWeaver setup: ignoring JPA class transformer
2026-05-15T15:32:34.192-03:00  INFO 86572 --- [           main] com.zaxxer.hikari.HikariDataSource       : HikariPool-35 - Starting...
2026-05-15T15:32:34.193-03:00  INFO 86572 --- [           main] com.zaxxer.hikari.pool.HikariPool        : HikariPool-35 - Added connection conn50: url=jdbc:h2:mem:testdb user=SA
2026-05-15T15:32:34.193-03:00  INFO 86572 --- [           main] com.zaxxer.hikari.HikariDataSource       : HikariPool-35 - Start completed.
2026-05-15T15:32:34.193-03:00  WARN 86572 --- [           main] org.hibernate.orm.deprecation            : HHH90000025: H2Dialect does not need to be specified explicitly using 'hibernate.dialect' (remove the property setting and it will be selected by default)
2026-05-15T15:32:34.194-03:00  INFO 86572 --- [           main] org.hibernate.orm.connections.pooling    : HHH10001005: Database info:
	Database JDBC URL [Connecting through datasource 'HikariDataSource (HikariPool-35)']
	Database driver: undefined/unknown
	Database version: 2.3.232
	Autocommit mode: undefined/unknown
	Isolation level: undefined/unknown
	Minimum pool size: undefined/unknown
	Maximum pool size: undefined/unknown
2026-05-15T15:32:34.199-03:00  INFO 86572 --- [           main] o.h.e.t.j.p.i.JtaPlatformInitiator       : HHH000489: No JTA platform available (set 'hibernate.transaction.jta.platform' to enable JTA platform integration)
2026-05-15T15:32:34.199-03:00  INFO 86572 --- [           main] j.LocalContainerEntityManagerFactoryBean : Initialized JPA EntityManagerFactory for persistence unit 'default'
2026-05-15T15:32:34.208-03:00  WARN 86572 --- [           main] JpaBaseConfiguration$JpaWebConfiguration : spring.jpa.open-in-view is enabled by default. Therefore, database queries may be performed during view rendering. Explicitly configure spring.jpa.open-in-view to disable this warning
2026-05-15T15:32:34.211-03:00  INFO 86572 --- [           main] o.s.v.b.OptionalValidatorFactoryBean     : Failed to set up a Bean Validation provider: jakarta.validation.NoProviderFoundException: Unable to create a Configuration, because no Jakarta Bean Validation provider could be found. Add a provider like Hibernate Validator (RI) to your classpath.
2026-05-15T15:32:34.254-03:00  INFO 86572 --- [           main] o.s.b.a.h2.H2ConsoleAutoConfiguration    : H2 console available at '/h2-console'. Database available at 'jdbc:h2:mem:testdb'
2026-05-15T15:32:34.256-03:00  INFO 86572 --- [           main] o.s.b.t.m.w.SpringBootMockServletContext : Initializing Spring TestDispatcherServlet ''
2026-05-15T15:32:34.256-03:00  INFO 86572 --- [           main] o.s.t.web.servlet.TestDispatcherServlet  : Initializing Servlet ''
2026-05-15T15:32:34.256-03:00  INFO 86572 --- [           main] o.s.b.a.e.web.EndpointLinksResolver      : Exposing 13 endpoints beneath base path '/actuator'
2026-05-15T15:32:34.258-03:00  INFO 86572 --- [           main] o.s.t.web.servlet.TestDispatcherServlet  : Completed initialization in 2 ms
2026-05-15T15:32:34.265-03:00  INFO 86572 --- [           main] a.e.u.d.k.c.EntidadesControllerTest      : Started EntidadesControllerTest in 0.164 seconds (process running for 11.373)
2026-05-15T15:32:34.274-03:00  INFO 86572 --- [           main] j.LocalContainerEntityManagerFactoryBean : Closing JPA EntityManagerFactory for persistence unit 'default'
2026-05-15T15:32:34.274-03:00  INFO 86572 --- [           main] com.zaxxer.hikari.HikariDataSource       : HikariPool-35 - Shutdown initiated...
2026-05-15T15:32:34.274-03:00  INFO 86572 --- [           main] com.zaxxer.hikari.HikariDataSource       : HikariPool-35 - Shutdown completed.
]]></system-out>
  </testcase>
  <testcase name="postEntidades_creacionExitosa_retorna200" classname="ar.edu.utn.dds.k3003.controllers.EntidadesControllerTest" time="0.007">
    <system-out><![CDATA[2026-05-15T15:32:34.275-03:00  INFO 86572 --- [           main] o.s.b.d.r.RestartApplicationListener     : Restart disabled due to context in which it is running

  .   ____          _            __ _ _
 /\\ / ___'_ __ _ _(_)_ __  __ _ \ \ \ \
( ( )\___ | '_ | '_| | '_ \/ _` | \ \ \ \
 \\/  ___)| |_)| | | | | || (_| |  ) ) ) )
  '  |____| .__|_| |_|_| |_\__, | / / / /
 =========|_|==============|___/=/_/_/_/

 :: Spring Boot ::                (v3.5.8)

2026-05-15T15:32:34.280-03:00  INFO 86572 --- [           main] a.e.u.d.k.c.EntidadesControllerTest      : Starting EntidadesControllerTest using Java 26 with PID 86572 (started by u634988 in /Users/u634988/Documents/utn/entrega-2-andrycarrascoutn)
2026-05-15T15:32:34.280-03:00  INFO 86572 --- [           main] a.e.u.d.k.c.EntidadesControllerTest      : No active profile set, falling back to 1 default profile: "default"
2026-05-15T15:32:34.343-03:00  INFO 86572 --- [           main] .s.d.r.c.RepositoryConfigurationDelegate : Bootstrapping Spring Data JPA repositories in DEFAULT mode.
2026-05-15T15:32:34.345-03:00  INFO 86572 --- [           main] .s.d.r.c.RepositoryConfigurationDelegate : Finished Spring Data repository scanning in 2 ms. Found 0 JPA repository interfaces.
2026-05-15T15:32:34.362-03:00  INFO 86572 --- [           main] o.hibernate.jpa.internal.util.LogHelper  : HHH000204: Processing PersistenceUnitInfo [name: default]
2026-05-15T15:32:34.363-03:00  INFO 86572 --- [           main] o.h.c.internal.RegionFactoryInitiator    : HHH000026: Second-level cache disabled
2026-05-15T15:32:34.365-03:00  INFO 86572 --- [           main] o.s.o.j.p.SpringPersistenceUnitInfo      : No LoadTimeWeaver setup: ignoring JPA class transformer
2026-05-15T15:32:34.366-03:00  INFO 86572 --- [           main] com.zaxxer.hikari.HikariDataSource       : HikariPool-36 - Starting...
2026-05-15T15:32:34.367-03:00  INFO 86572 --- [           main] com.zaxxer.hikari.pool.HikariPool        : HikariPool-36 - Added connection conn51: url=jdbc:h2:mem:testdb user=SA
2026-05-15T15:32:34.367-03:00  INFO 86572 --- [           main] com.zaxxer.hikari.HikariDataSource       : HikariPool-36 - Start completed.
2026-05-15T15:32:34.367-03:00  WARN 86572 --- [           main] org.hibernate.orm.deprecation            : HHH90000025: H2Dialect does not need to be specified explicitly using 'hibernate.dialect' (remove the property setting and it will be selected by default)
2026-05-15T15:32:34.367-03:00  INFO 86572 --- [           main] org.hibernate.orm.connections.pooling    : HHH10001005: Database info:
	Database JDBC URL [Connecting through datasource 'HikariDataSource (HikariPool-36)']
	Database driver: undefined/unknown
	Database version: 2.3.232
	Autocommit mode: undefined/unknown
	Isolation level: undefined/unknown
	Minimum pool size: undefined/unknown
	Maximum pool size: undefined/unknown
2026-05-15T15:32:34.372-03:00  INFO 86572 --- [           main] o.h.e.t.j.p.i.JtaPlatformInitiator       : HHH000489: No JTA platform available (set 'hibernate.transaction.jta.platform' to enable JTA platform integration)
2026-05-15T15:32:34.373-03:00  INFO 86572 --- [           main] j.LocalContainerEntityManagerFactoryBean : Initialized JPA EntityManagerFactory for persistence unit 'default'
2026-05-15T15:32:34.382-03:00  WARN 86572 --- [           main] JpaBaseConfiguration$JpaWebConfiguration : spring.jpa.open-in-view is enabled by default. Therefore, database queries may be performed during view rendering. Explicitly configure spring.jpa.open-in-view to disable this warning
2026-05-15T15:32:34.386-03:00  INFO 86572 --- [           main] o.s.v.b.OptionalValidatorFactoryBean     : Failed to set up a Bean Validation provider: jakarta.validation.NoProviderFoundException: Unable to create a Configuration, because no Jakarta Bean Validation provider could be found. Add a provider like Hibernate Validator (RI) to your classpath.
2026-05-15T15:32:34.428-03:00  INFO 86572 --- [           main] o.s.b.a.h2.H2ConsoleAutoConfiguration    : H2 console available at '/h2-console'. Database available at 'jdbc:h2:mem:testdb'
2026-05-15T15:32:34.430-03:00  INFO 86572 --- [           main] o.s.b.t.m.w.SpringBootMockServletContext : Initializing Spring TestDispatcherServlet ''
2026-05-15T15:32:34.430-03:00  INFO 86572 --- [           main] o.s.t.web.servlet.TestDispatcherServlet  : Initializing Servlet ''
2026-05-15T15:32:34.431-03:00  INFO 86572 --- [           main] o.s.b.a.e.web.EndpointLinksResolver      : Exposing 13 endpoints beneath base path '/actuator'
2026-05-15T15:32:34.433-03:00  INFO 86572 --- [           main] o.s.t.web.servlet.TestDispatcherServlet  : Completed initialization in 3 ms
2026-05-15T15:32:34.440-03:00  INFO 86572 --- [           main] a.e.u.d.k.c.EntidadesControllerTest      : Started EntidadesControllerTest in 0.165 seconds (process running for 11.548)
2026-05-15T15:32:34.446-03:00  INFO 86572 --- [           main] j.LocalContainerEntityManagerFactoryBean : Closing JPA EntityManagerFactory for persistence unit 'default'
2026-05-15T15:32:34.446-03:00  INFO 86572 --- [           main] com.zaxxer.hikari.HikariDataSource       : HikariPool-36 - Shutdown initiated...
2026-05-15T15:32:34.447-03:00  INFO 86572 --- [           main] com.zaxxer.hikari.HikariDataSource       : HikariPool-36 - Shutdown completed.
]]></system-out>
  </testcase>
  <testcase name="getEntidadById_existente_retorna200" classname="ar.edu.utn.dds.k3003.controllers.EntidadesControllerTest" time="0.008">
    <system-out><![CDATA[2026-05-15T15:32:34.448-03:00  INFO 86572 --- [           main] o.s.b.d.r.RestartApplicationListener     : Restart disabled due to context in which it is running

  .   ____          _            __ _ _
 /\\ / ___'_ __ _ _(_)_ __  __ _ \ \ \ \
( ( )\___ | '_ | '_| | '_ \/ _` | \ \ \ \
 \\/  ___)| |_)| | | | | || (_| |  ) ) ) )
  '  |____| .__|_| |_|_| |_\__, | / / / /
 =========|_|==============|___/=/_/_/_/

 :: Spring Boot ::                (v3.5.8)

2026-05-15T15:32:34.453-03:00  INFO 86572 --- [           main] a.e.u.d.k.c.EntidadesControllerTest      : Starting EntidadesControllerTest using Java 26 with PID 86572 (started by u634988 in /Users/u634988/Documents/utn/entrega-2-andrycarrascoutn)
2026-05-15T15:32:34.453-03:00  INFO 86572 --- [           main] a.e.u.d.k.c.EntidadesControllerTest      : No active profile set, falling back to 1 default profile: "default"
2026-05-15T15:32:34.518-03:00  INFO 86572 --- [           main] .s.d.r.c.RepositoryConfigurationDelegate : Bootstrapping Spring Data JPA repositories in DEFAULT mode.
2026-05-15T15:32:34.520-03:00  INFO 86572 --- [           main] .s.d.r.c.RepositoryConfigurationDelegate : Finished Spring Data repository scanning in 1 ms. Found 0 JPA repository interfaces.
2026-05-15T15:32:34.536-03:00  INFO 86572 --- [           main] o.hibernate.jpa.internal.util.LogHelper  : HHH000204: Processing PersistenceUnitInfo [name: default]
2026-05-15T15:32:34.536-03:00  INFO 86572 --- [           main] o.h.c.internal.RegionFactoryInitiator    : HHH000026: Second-level cache disabled
2026-05-15T15:32:34.539-03:00  INFO 86572 --- [           main] o.s.o.j.p.SpringPersistenceUnitInfo      : No LoadTimeWeaver setup: ignoring JPA class transformer
2026-05-15T15:32:34.539-03:00  INFO 86572 --- [           main] com.zaxxer.hikari.HikariDataSource       : HikariPool-37 - Starting...
2026-05-15T15:32:34.540-03:00  INFO 86572 --- [           main] com.zaxxer.hikari.pool.HikariPool        : HikariPool-37 - Added connection conn52: url=jdbc:h2:mem:testdb user=SA
2026-05-15T15:32:34.540-03:00  INFO 86572 --- [           main] com.zaxxer.hikari.HikariDataSource       : HikariPool-37 - Start completed.
2026-05-15T15:32:34.540-03:00  WARN 86572 --- [           main] org.hibernate.orm.deprecation            : HHH90000025: H2Dialect does not need to be specified explicitly using 'hibernate.dialect' (remove the property setting and it will be selected by default)
2026-05-15T15:32:34.540-03:00  INFO 86572 --- [           main] org.hibernate.orm.connections.pooling    : HHH10001005: Database info:
	Database JDBC URL [Connecting through datasource 'HikariDataSource (HikariPool-37)']
	Database driver: undefined/unknown
	Database version: 2.3.232
	Autocommit mode: undefined/unknown
	Isolation level: undefined/unknown
	Minimum pool size: undefined/unknown
	Maximum pool size: undefined/unknown
2026-05-15T15:32:34.546-03:00  INFO 86572 --- [           main] o.h.e.t.j.p.i.JtaPlatformInitiator       : HHH000489: No JTA platform available (set 'hibernate.transaction.jta.platform' to enable JTA platform integration)
2026-05-15T15:32:34.547-03:00  INFO 86572 --- [           main] j.LocalContainerEntityManagerFactoryBean : Initialized JPA EntityManagerFactory for persistence unit 'default'
2026-05-15T15:32:34.555-03:00  WARN 86572 --- [           main] JpaBaseConfiguration$JpaWebConfiguration : spring.jpa.open-in-view is enabled by default. Therefore, database queries may be performed during view rendering. Explicitly configure spring.jpa.open-in-view to disable this warning
2026-05-15T15:32:34.559-03:00  INFO 86572 --- [           main] o.s.v.b.OptionalValidatorFactoryBean     : Failed to set up a Bean Validation provider: jakarta.validation.NoProviderFoundException: Unable to create a Configuration, because no Jakarta Bean Validation provider could be found. Add a provider like Hibernate Validator (RI) to your classpath.
2026-05-15T15:32:34.600-03:00  INFO 86572 --- [           main] o.s.b.a.h2.H2ConsoleAutoConfiguration    : H2 console available at '/h2-console'. Database available at 'jdbc:h2:mem:testdb'
2026-05-15T15:32:34.602-03:00  INFO 86572 --- [           main] o.s.b.t.m.w.SpringBootMockServletContext : Initializing Spring TestDispatcherServlet ''
2026-05-15T15:32:34.602-03:00  INFO 86572 --- [           main] o.s.t.web.servlet.TestDispatcherServlet  : Initializing Servlet ''
2026-05-15T15:32:34.603-03:00  INFO 86572 --- [           main] o.s.b.a.e.web.EndpointLinksResolver      : Exposing 13 endpoints beneath base path '/actuator'
2026-05-15T15:32:34.604-03:00  INFO 86572 --- [           main] o.s.t.web.servlet.TestDispatcherServlet  : Completed initialization in 2 ms
2026-05-15T15:32:34.611-03:00  INFO 86572 --- [           main] a.e.u.d.k.c.EntidadesControllerTest      : Started EntidadesControllerTest in 0.163 seconds (process running for 11.72)
2026-05-15T15:32:34.619-03:00  INFO 86572 --- [           main] j.LocalContainerEntityManagerFactoryBean : Closing JPA EntityManagerFactory for persistence unit 'default'
2026-05-15T15:32:34.619-03:00  INFO 86572 --- [           main] com.zaxxer.hikari.HikariDataSource       : HikariPool-37 - Shutdown initiated...
2026-05-15T15:32:34.620-03:00  INFO 86572 --- [           main] com.zaxxer.hikari.HikariDataSource       : HikariPool-37 - Shutdown completed.
]]></system-out>
  </testcase>
  <testcase name="getEntidades_conDatos_retorna200ConEntidades" classname="ar.edu.utn.dds.k3003.controllers.EntidadesControllerTest" time="0.01">
    <system-out><![CDATA[2026-05-15T15:32:34.621-03:00  INFO 86572 --- [           main] o.s.b.d.r.RestartApplicationListener     : Restart disabled due to context in which it is running

  .   ____          _            __ _ _
 /\\ / ___'_ __ _ _(_)_ __  __ _ \ \ \ \
( ( )\___ | '_ | '_| | '_ \/ _` | \ \ \ \
 \\/  ___)| |_)| | | | | || (_| |  ) ) ) )
  '  |____| .__|_| |_|_| |_\__, | / / / /
 =========|_|==============|___/=/_/_/_/

 :: Spring Boot ::                (v3.5.8)

2026-05-15T15:32:34.625-03:00  INFO 86572 --- [           main] a.e.u.d.k.c.EntidadesControllerTest      : Starting EntidadesControllerTest using Java 26 with PID 86572 (started by u634988 in /Users/u634988/Documents/utn/entrega-2-andrycarrascoutn)
2026-05-15T15:32:34.625-03:00  INFO 86572 --- [           main] a.e.u.d.k.c.EntidadesControllerTest      : No active profile set, falling back to 1 default profile: "default"
2026-05-15T15:32:34.683-03:00  INFO 86572 --- [           main] .s.d.r.c.RepositoryConfigurationDelegate : Bootstrapping Spring Data JPA repositories in DEFAULT mode.
2026-05-15T15:32:34.685-03:00  INFO 86572 --- [           main] .s.d.r.c.RepositoryConfigurationDelegate : Finished Spring Data repository scanning in 1 ms. Found 0 JPA repository interfaces.
2026-05-15T15:32:34.703-03:00  INFO 86572 --- [           main] o.hibernate.jpa.internal.util.LogHelper  : HHH000204: Processing PersistenceUnitInfo [name: default]
2026-05-15T15:32:34.703-03:00  INFO 86572 --- [           main] o.h.c.internal.RegionFactoryInitiator    : HHH000026: Second-level cache disabled
2026-05-15T15:32:34.706-03:00  INFO 86572 --- [           main] o.s.o.j.p.SpringPersistenceUnitInfo      : No LoadTimeWeaver setup: ignoring JPA class transformer
2026-05-15T15:32:34.706-03:00  INFO 86572 --- [           main] com.zaxxer.hikari.HikariDataSource       : HikariPool-38 - Starting...
2026-05-15T15:32:34.707-03:00  INFO 86572 --- [           main] com.zaxxer.hikari.pool.HikariPool        : HikariPool-38 - Added connection conn53: url=jdbc:h2:mem:testdb user=SA
2026-05-15T15:32:34.707-03:00  INFO 86572 --- [           main] com.zaxxer.hikari.HikariDataSource       : HikariPool-38 - Start completed.
2026-05-15T15:32:34.707-03:00  WARN 86572 --- [           main] org.hibernate.orm.deprecation            : HHH90000025: H2Dialect does not need to be specified explicitly using 'hibernate.dialect' (remove the property setting and it will be selected by default)
2026-05-15T15:32:34.707-03:00  INFO 86572 --- [           main] org.hibernate.orm.connections.pooling    : HHH10001005: Database info:
	Database JDBC URL [Connecting through datasource 'HikariDataSource (HikariPool-38)']
	Database driver: undefined/unknown
	Database version: 2.3.232
	Autocommit mode: undefined/unknown
	Isolation level: undefined/unknown
	Minimum pool size: undefined/unknown
	Maximum pool size: undefined/unknown
2026-05-15T15:32:34.713-03:00  INFO 86572 --- [           main] o.h.e.t.j.p.i.JtaPlatformInitiator       : HHH000489: No JTA platform available (set 'hibernate.transaction.jta.platform' to enable JTA platform integration)
2026-05-15T15:32:34.713-03:00  INFO 86572 --- [           main] j.LocalContainerEntityManagerFactoryBean : Initialized JPA EntityManagerFactory for persistence unit 'default'
2026-05-15T15:32:34.722-03:00  WARN 86572 --- [           main] JpaBaseConfiguration$JpaWebConfiguration : spring.jpa.open-in-view is enabled by default. Therefore, database queries may be performed during view rendering. Explicitly configure spring.jpa.open-in-view to disable this warning
2026-05-15T15:32:34.726-03:00  INFO 86572 --- [           main] o.s.v.b.OptionalValidatorFactoryBean     : Failed to set up a Bean Validation provider: jakarta.validation.NoProviderFoundException: Unable to create a Configuration, because no Jakarta Bean Validation provider could be found. Add a provider like Hibernate Validator (RI) to your classpath.
2026-05-15T15:32:34.769-03:00  INFO 86572 --- [           main] o.s.b.a.h2.H2ConsoleAutoConfiguration    : H2 console available at '/h2-console'. Database available at 'jdbc:h2:mem:testdb'
2026-05-15T15:32:34.771-03:00  INFO 86572 --- [           main] o.s.b.t.m.w.SpringBootMockServletContext : Initializing Spring TestDispatcherServlet ''
2026-05-15T15:32:34.771-03:00  INFO 86572 --- [           main] o.s.t.web.servlet.TestDispatcherServlet  : Initializing Servlet ''
2026-05-15T15:32:34.771-03:00  INFO 86572 --- [           main] o.s.b.a.e.web.EndpointLinksResolver      : Exposing 13 endpoints beneath base path '/actuator'
2026-05-15T15:32:34.773-03:00  INFO 86572 --- [           main] o.s.t.web.servlet.TestDispatcherServlet  : Completed initialization in 2 ms
2026-05-15T15:32:34.780-03:00  INFO 86572 --- [           main] a.e.u.d.k.c.EntidadesControllerTest      : Started EntidadesControllerTest in 0.159 seconds (process running for 11.888)
2026-05-15T15:32:34.789-03:00  INFO 86572 --- [           main] j.LocalContainerEntityManagerFactoryBean : Closing JPA EntityManagerFactory for persistence unit 'default'
2026-05-15T15:32:34.790-03:00  INFO 86572 --- [           main] com.zaxxer.hikari.HikariDataSource       : HikariPool-38 - Shutdown initiated...
2026-05-15T15:32:34.790-03:00  INFO 86572 --- [           main] com.zaxxer.hikari.HikariDataSource       : HikariPool-38 - Shutdown completed.
]]></system-out>
  </testcase>
</testsuite>