<?xml version="1.0" encoding="UTF-8"?>
<testsuite xmlns:xsi="http://www.w3.org/2001/XMLSchema-instance" xsi:noNamespaceSchemaLocation="https://maven.apache.org/surefire/maven-surefire-plugin/xsd/surefire-test-report.xsd" version="3.0.2" name="ar.edu.utn.dds.k3003.controllers.DonadoresControllerTest" time="2.264" tests="13" errors="0" skipped="0" failures="0">
  <properties>
[...]
</properties>
  <testcase name="patchEstado_invalido_retorna400" classname="ar.edu.utn.dds.k3003.controllers.DonadoresControllerTest" time="0.017">
    <system-out><![CDATA[2026-05-15T15:32:31.330-03:00  INFO 86572 --- [           main] t.c.s.AnnotationConfigContextLoaderUtils : Could not detect default configuration classes for test class [ar.edu.utn.dds.k3003.controllers.DonadoresControllerTest]: DonadoresControllerTest does not declare any static, non-private, non-final, nested classes annotated with @Configuration.
2026-05-15T15:32:31.332-03:00  INFO 86572 --- [           main] .b.t.c.SpringBootTestContextBootstrapper : Found @SpringBootConfiguration ar.edu.utn.dds.k3003.Application for test class ar.edu.utn.dds.k3003.controllers.DonadoresControllerTest
2026-05-15T15:32:31.333-03:00  INFO 86572 --- [           main] o.s.b.d.r.RestartApplicationListener     : Restart disabled due to context in which it is running

  .   ____          _            __ _ _
 /\\ / ___'_ __ _ _(_)_ __  __ _ \ \ \ \
( ( )\___ | '_ | '_| | '_ \/ _` | \ \ \ \
 \\/  ___)| |_)| | | | | || (_| |  ) ) ) )
  '  |____| .__|_| |_|_| |_\__, | / / / /
 =========|_|==============|___/=/_/_/_/

 :: Spring Boot ::                (v3.5.8)

2026-05-15T15:32:31.338-03:00  INFO 86572 --- [           main] a.e.u.d.k.c.DonadoresControllerTest      : Starting DonadoresControllerTest using Java 26 with PID 86572 (started by u634988 in /Users/u634988/Documents/utn/entrega-2-andrycarrascoutn)
2026-05-15T15:32:31.338-03:00  INFO 86572 --- [           main] a.e.u.d.k.c.DonadoresControllerTest      : No active profile set, falling back to 1 default profile: "default"
2026-05-15T15:32:31.403-03:00  INFO 86572 --- [           main] .s.d.r.c.RepositoryConfigurationDelegate : Bootstrapping Spring Data JPA repositories in DEFAULT mode.
2026-05-15T15:32:31.406-03:00  INFO 86572 --- [           main] .s.d.r.c.RepositoryConfigurationDelegate : Finished Spring Data repository scanning in 2 ms. Found 0 JPA repository interfaces.
2026-05-15T15:32:31.424-03:00  INFO 86572 --- [           main] o.hibernate.jpa.internal.util.LogHelper  : HHH000204: Processing PersistenceUnitInfo [name: default]
2026-05-15T15:32:31.425-03:00  INFO 86572 --- [           main] o.h.c.internal.RegionFactoryInitiator    : HHH000026: Second-level cache disabled
2026-05-15T15:32:31.428-03:00  INFO 86572 --- [           main] o.s.o.j.p.SpringPersistenceUnitInfo      : No LoadTimeWeaver setup: ignoring JPA class transformer
2026-05-15T15:32:31.428-03:00  INFO 86572 --- [           main] com.zaxxer.hikari.HikariDataSource       : HikariPool-19 - Starting...
2026-05-15T15:32:31.429-03:00  INFO 86572 --- [           main] com.zaxxer.hikari.pool.HikariPool        : HikariPool-19 - Added connection conn34: url=jdbc:h2:mem:testdb user=SA
2026-05-15T15:32:31.429-03:00  INFO 86572 --- [           main] com.zaxxer.hikari.HikariDataSource       : HikariPool-19 - Start completed.
2026-05-15T15:32:31.429-03:00  WARN 86572 --- [           main] org.hibernate.orm.deprecation            : HHH90000025: H2Dialect does not need to be specified explicitly using 'hibernate.dialect' (remove the property setting and it will be selected by default)
2026-05-15T15:32:31.430-03:00  INFO 86572 --- [           main] org.hibernate.orm.connections.pooling    : HHH10001005: Database info:
	Database JDBC URL [Connecting through datasource 'HikariDataSource (HikariPool-19)']
	Database driver: undefined/unknown
	Database version: 2.3.232
	Autocommit mode: undefined/unknown
	Isolation level: undefined/unknown
	Minimum pool size: undefined/unknown
	Maximum pool size: undefined/unknown
2026-05-15T15:32:31.436-03:00  INFO 86572 --- [           main] o.h.e.t.j.p.i.JtaPlatformInitiator       : HHH000489: No JTA platform available (set 'hibernate.transaction.jta.platform' to enable JTA platform integration)
2026-05-15T15:32:31.436-03:00  INFO 86572 --- [           main] j.LocalContainerEntityManagerFactoryBean : Initialized JPA EntityManagerFactory for persistence unit 'default'
2026-05-15T15:32:31.446-03:00  WARN 86572 --- [           main] JpaBaseConfiguration$JpaWebConfiguration : spring.jpa.open-in-view is enabled by default. Therefore, database queries may be performed during view rendering. Explicitly configure spring.jpa.open-in-view to disable this warning
2026-05-15T15:32:31.449-03:00  INFO 86572 --- [           main] o.s.v.b.OptionalValidatorFactoryBean     : Failed to set up a Bean Validation provider: jakarta.validation.NoProviderFoundException: Unable to create a Configuration, because no Jakarta Bean Validation provider could be found. Add a provider like Hibernate Validator (RI) to your classpath.
2026-05-15T15:32:31.492-03:00  INFO 86572 --- [           main] o.s.b.a.h2.H2ConsoleAutoConfiguration    : H2 console available at '/h2-console'. Database available at 'jdbc:h2:mem:testdb'
2026-05-15T15:32:31.493-03:00  INFO 86572 --- [           main] o.s.b.t.m.w.SpringBootMockServletContext : Initializing Spring TestDispatcherServlet ''
2026-05-15T15:32:31.494-03:00  INFO 86572 --- [           main] o.s.t.web.servlet.TestDispatcherServlet  : Initializing Servlet ''
2026-05-15T15:32:31.494-03:00  INFO 86572 --- [           main] o.s.b.a.e.web.EndpointLinksResolver      : Exposing 13 endpoints beneath base path '/actuator'
2026-05-15T15:32:31.496-03:00  INFO 86572 --- [           main] o.s.t.web.servlet.TestDispatcherServlet  : Completed initialization in 2 ms
2026-05-15T15:32:31.502-03:00  INFO 86572 --- [           main] a.e.u.d.k.c.DonadoresControllerTest      : Started DonadoresControllerTest in 0.169 seconds (process running for 8.611)
2026-05-15T15:32:31.519-03:00  INFO 86572 --- [           main] j.LocalContainerEntityManagerFactoryBean : Closing JPA EntityManagerFactory for persistence unit 'default'
2026-05-15T15:32:31.519-03:00  INFO 86572 --- [           main] com.zaxxer.hikari.HikariDataSource       : HikariPool-19 - Shutdown initiated...
2026-05-15T15:32:31.519-03:00  INFO 86572 --- [           main] com.zaxxer.hikari.HikariDataSource       : HikariPool-19 - Shutdown completed.
]]></system-out>
  </testcase>
  <testcase name="postDonador_duplicado_retorna409" classname="ar.edu.utn.dds.k3003.controllers.DonadoresControllerTest" time="0.012">
    <system-out><![CDATA[2026-05-15T15:32:31.520-03:00  INFO 86572 --- [           main] o.s.b.d.r.RestartApplicationListener     : Restart disabled due to context in which it is running

  .   ____          _            __ _ _
 /\\ / ___'_ __ _ _(_)_ __  __ _ \ \ \ \
( ( )\___ | '_ | '_| | '_ \/ _` | \ \ \ \
 \\/  ___)| |_)| | | | | || (_| |  ) ) ) )
  '  |____| .__|_| |_|_| |_\__, | / / / /
 =========|_|==============|___/=/_/_/_/

 :: Spring Boot ::                (v3.5.8)

2026-05-15T15:32:31.525-03:00  INFO 86572 --- [           main] a.e.u.d.k.c.DonadoresControllerTest      : Starting DonadoresControllerTest using Java 26 with PID 86572 (started by u634988 in /Users/u634988/Documents/utn/entrega-2-andrycarrascoutn)
2026-05-15T15:32:31.525-03:00  INFO 86572 --- [           main] a.e.u.d.k.c.DonadoresControllerTest      : No active profile set, falling back to 1 default profile: "default"
2026-05-15T15:32:31.589-03:00  INFO 86572 --- [           main] .s.d.r.c.RepositoryConfigurationDelegate : Bootstrapping Spring Data JPA repositories in DEFAULT mode.
2026-05-15T15:32:31.591-03:00  INFO 86572 --- [           main] .s.d.r.c.RepositoryConfigurationDelegate : Finished Spring Data repository scanning in 1 ms. Found 0 JPA repository interfaces.
2026-05-15T15:32:31.609-03:00  INFO 86572 --- [           main] o.hibernate.jpa.internal.util.LogHelper  : HHH000204: Processing PersistenceUnitInfo [name: default]
2026-05-15T15:32:31.609-03:00  INFO 86572 --- [           main] o.h.c.internal.RegionFactoryInitiator    : HHH000026: Second-level cache disabled
2026-05-15T15:32:31.612-03:00  INFO 86572 --- [           main] o.s.o.j.p.SpringPersistenceUnitInfo      : No LoadTimeWeaver setup: ignoring JPA class transformer
2026-05-15T15:32:31.613-03:00  INFO 86572 --- [           main] com.zaxxer.hikari.HikariDataSource       : HikariPool-20 - Starting...
2026-05-15T15:32:31.614-03:00  INFO 86572 --- [           main] com.zaxxer.hikari.pool.HikariPool        : HikariPool-20 - Added connection conn35: url=jdbc:h2:mem:testdb user=SA
2026-05-15T15:32:31.614-03:00  INFO 86572 --- [           main] com.zaxxer.hikari.HikariDataSource       : HikariPool-20 - Start completed.
2026-05-15T15:32:31.614-03:00  WARN 86572 --- [           main] org.hibernate.orm.deprecation            : HHH90000025: H2Dialect does not need to be specified explicitly using 'hibernate.dialect' (remove the property setting and it will be selected by default)
2026-05-15T15:32:31.614-03:00  INFO 86572 --- [           main] org.hibernate.orm.connections.pooling    : HHH10001005: Database info:
	Database JDBC URL [Connecting through datasource 'HikariDataSource (HikariPool-20)']
	Database driver: undefined/unknown
	Database version: 2.3.232
	Autocommit mode: undefined/unknown
	Isolation level: undefined/unknown
	Minimum pool size: undefined/unknown
	Maximum pool size: undefined/unknown
2026-05-15T15:32:31.620-03:00  INFO 86572 --- [           main] o.h.e.t.j.p.i.JtaPlatformInitiator       : HHH000489: No JTA platform available (set 'hibernate.transaction.jta.platform' to enable JTA platform integration)
2026-05-15T15:32:31.620-03:00  INFO 86572 --- [           main] j.LocalContainerEntityManagerFactoryBean : Initialized JPA EntityManagerFactory for persistence unit 'default'
2026-05-15T15:32:31.629-03:00  WARN 86572 --- [           main] JpaBaseConfiguration$JpaWebConfiguration : spring.jpa.open-in-view is enabled by default. Therefore, database queries may be performed during view rendering. Explicitly configure spring.jpa.open-in-view to disable this warning
2026-05-15T15:32:31.633-03:00  INFO 86572 --- [           main] o.s.v.b.OptionalValidatorFactoryBean     : Failed to set up a Bean Validation provider: jakarta.validation.NoProviderFoundException: Unable to create a Configuration, because no Jakarta Bean Validation provider could be found. Add a provider like Hibernate Validator (RI) to your classpath.
2026-05-15T15:32:31.675-03:00  INFO 86572 --- [           main] o.s.b.a.h2.H2ConsoleAutoConfiguration    : H2 console available at '/h2-console'. Database available at 'jdbc:h2:mem:testdb'
2026-05-15T15:32:31.677-03:00  INFO 86572 --- [           main] o.s.b.t.m.w.SpringBootMockServletContext : Initializing Spring TestDispatcherServlet ''
2026-05-15T15:32:31.677-03:00  INFO 86572 --- [           main] o.s.t.web.servlet.TestDispatcherServlet  : Initializing Servlet ''
2026-05-15T15:32:31.677-03:00  INFO 86572 --- [           main] o.s.b.a.e.web.EndpointLinksResolver      : Exposing 13 endpoints beneath base path '/actuator'
2026-05-15T15:32:31.679-03:00  INFO 86572 --- [           main] o.s.t.web.servlet.TestDispatcherServlet  : Completed initialization in 2 ms
2026-05-15T15:32:31.685-03:00  INFO 86572 --- [           main] a.e.u.d.k.c.DonadoresControllerTest      : Started DonadoresControllerTest in 0.165 seconds (process running for 8.794)
2026-05-15T15:32:31.697-03:00  INFO 86572 --- [           main] j.LocalContainerEntityManagerFactoryBean : Closing JPA EntityManagerFactory for persistence unit 'default'
2026-05-15T15:32:31.697-03:00  INFO 86572 --- [           main] com.zaxxer.hikari.HikariDataSource       : HikariPool-20 - Shutdown initiated...
2026-05-15T15:32:31.697-03:00  INFO 86572 --- [           main] com.zaxxer.hikari.HikariDataSource       : HikariPool-20 - Shutdown completed.
]]></system-out>
  </testcase>
  <testcase name="patchCategoria_valida" classname="ar.edu.utn.dds.k3003.controllers.DonadoresControllerTest" time="0.011">
    <system-out><![CDATA[2026-05-15T15:32:31.699-03:00  INFO 86572 --- [           main] o.s.b.d.r.RestartApplicationListener     : Restart disabled due to context in which it is running

  .   ____          _            __ _ _
 /\\ / ___'_ __ _ _(_)_ __  __ _ \ \ \ \
( ( )\___ | '_ | '_| | '_ \/ _` | \ \ \ \
 \\/  ___)| |_)| | | | | || (_| |  ) ) ) )
  '  |____| .__|_| |_|_| |_\__, | / / / /
 =========|_|==============|___/=/_/_/_/

 :: Spring Boot ::                (v3.5.8)

2026-05-15T15:32:31.703-03:00  INFO 86572 --- [           main] a.e.u.d.k.c.DonadoresControllerTest      : Starting DonadoresControllerTest using Java 26 with PID 86572 (started by u634988 in /Users/u634988/Documents/utn/entrega-2-andrycarrascoutn)
2026-05-15T15:32:31.703-03:00  INFO 86572 --- [           main] a.e.u.d.k.c.DonadoresControllerTest      : No active profile set, falling back to 1 default profile: "default"
2026-05-15T15:32:31.764-03:00  INFO 86572 --- [           main] .s.d.r.c.RepositoryConfigurationDelegate : Bootstrapping Spring Data JPA repositories in DEFAULT mode.
2026-05-15T15:32:31.766-03:00  INFO 86572 --- [           main] .s.d.r.c.RepositoryConfigurationDelegate : Finished Spring Data repository scanning in 2 ms. Found 0 JPA repository interfaces.
2026-05-15T15:32:31.784-03:00  INFO 86572 --- [           main] o.hibernate.jpa.internal.util.LogHelper  : HHH000204: Processing PersistenceUnitInfo [name: default]
2026-05-15T15:32:31.784-03:00  INFO 86572 --- [           main] o.h.c.internal.RegionFactoryInitiator    : HHH000026: Second-level cache disabled
2026-05-15T15:32:31.788-03:00  INFO 86572 --- [           main] o.s.o.j.p.SpringPersistenceUnitInfo      : No LoadTimeWeaver setup: ignoring JPA class transformer
2026-05-15T15:32:31.788-03:00  INFO 86572 --- [           main] com.zaxxer.hikari.HikariDataSource       : HikariPool-21 - Starting...
2026-05-15T15:32:31.789-03:00  INFO 86572 --- [           main] com.zaxxer.hikari.pool.HikariPool        : HikariPool-21 - Added connection conn36: url=jdbc:h2:mem:testdb user=SA
2026-05-15T15:32:31.789-03:00  INFO 86572 --- [           main] com.zaxxer.hikari.HikariDataSource       : HikariPool-21 - Start completed.
2026-05-15T15:32:31.789-03:00  WARN 86572 --- [           main] org.hibernate.orm.deprecation            : HHH90000025: H2Dialect does not need to be specified explicitly using 'hibernate.dialect' (remove the property setting and it will be selected by default)
2026-05-15T15:32:31.790-03:00  INFO 86572 --- [           main] org.hibernate.orm.connections.pooling    : HHH10001005: Database info:
	Database JDBC URL [Connecting through datasource 'HikariDataSource (HikariPool-21)']
	Database driver: undefined/unknown
	Database version: 2.3.232
	Autocommit mode: undefined/unknown
	Isolation level: undefined/unknown
	Minimum pool size: undefined/unknown
	Maximum pool size: undefined/unknown
2026-05-15T15:32:31.796-03:00  INFO 86572 --- [           main] o.h.e.t.j.p.i.JtaPlatformInitiator       : HHH000489: No JTA platform available (set 'hibernate.transaction.jta.platform' to enable JTA platform integration)
2026-05-15T15:32:31.796-03:00  INFO 86572 --- [           main] j.LocalContainerEntityManagerFactoryBean : Initialized JPA EntityManagerFactory for persistence unit 'default'
2026-05-15T15:32:31.805-03:00  WARN 86572 --- [           main] JpaBaseConfiguration$JpaWebConfiguration : spring.jpa.open-in-view is enabled by default. Therefore, database queries may be performed during view rendering. Explicitly configure spring.jpa.open-in-view to disable this warning
2026-05-15T15:32:31.809-03:00  INFO 86572 --- [           main] o.s.v.b.OptionalValidatorFactoryBean     : Failed to set up a Bean Validation provider: jakarta.validation.NoProviderFoundException: Unable to create a Configuration, because no Jakarta Bean Validation provider could be found. Add a provider like Hibernate Validator (RI) to your classpath.
2026-05-15T15:32:31.851-03:00  INFO 86572 --- [           main] o.s.b.a.h2.H2ConsoleAutoConfiguration    : H2 console available at '/h2-console'. Database available at 'jdbc:h2:mem:testdb'
2026-05-15T15:32:31.853-03:00  INFO 86572 --- [           main] o.s.b.t.m.w.SpringBootMockServletContext : Initializing Spring TestDispatcherServlet ''
2026-05-15T15:32:31.853-03:00  INFO 86572 --- [           main] o.s.t.web.servlet.TestDispatcherServlet  : Initializing Servlet ''
2026-05-15T15:32:31.853-03:00  INFO 86572 --- [           main] o.s.b.a.e.web.EndpointLinksResolver      : Exposing 13 endpoints beneath base path '/actuator'
2026-05-15T15:32:31.855-03:00  INFO 86572 --- [           main] o.s.t.web.servlet.TestDispatcherServlet  : Completed initialization in 2 ms
2026-05-15T15:32:31.861-03:00  INFO 86572 --- [           main] a.e.u.d.k.c.DonadoresControllerTest      : Started DonadoresControllerTest in 0.162 seconds (process running for 8.97)
2026-05-15T15:32:31.873-03:00  INFO 86572 --- [           main] j.LocalContainerEntityManagerFactoryBean : Closing JPA EntityManagerFactory for persistence unit 'default'
2026-05-15T15:32:31.873-03:00  INFO 86572 --- [           main] com.zaxxer.hikari.HikariDataSource       : HikariPool-21 - Shutdown initiated...
2026-05-15T15:32:31.873-03:00  INFO 86572 --- [           main] com.zaxxer.hikari.HikariDataSource       : HikariPool-21 - Shutdown completed.
]]></system-out>
  </testcase>
  <testcase name="getPuedeDonar" classname="ar.edu.utn.dds.k3003.controllers.DonadoresControllerTest" time="0.012">
    <system-out><![CDATA[2026-05-15T15:32:31.874-03:00  INFO 86572 --- [           main] o.s.b.d.r.RestartApplicationListener     : Restart disabled due to context in which it is running

  .   ____          _            __ _ _
 /\\ / ___'_ __ _ _(_)_ __  __ _ \ \ \ \
( ( )\___ | '_ | '_| | '_ \/ _` | \ \ \ \
 \\/  ___)| |_)| | | | | || (_| |  ) ) ) )
  '  |____| .__|_| |_|_| |_\__, | / / / /
 =========|_|==============|___/=/_/_/_/

 :: Spring Boot ::                (v3.5.8)

2026-05-15T15:32:31.879-03:00  INFO 86572 --- [           main] a.e.u.d.k.c.DonadoresControllerTest      : Starting DonadoresControllerTest using Java 26 with PID 86572 (started by u634988 in /Users/u634988/Documents/utn/entrega-2-andrycarrascoutn)
2026-05-15T15:32:31.879-03:00  INFO 86572 --- [           main] a.e.u.d.k.c.DonadoresControllerTest      : No active profile set, falling back to 1 default profile: "default"
2026-05-15T15:32:31.942-03:00  INFO 86572 --- [           main] .s.d.r.c.RepositoryConfigurationDelegate : Bootstrapping Spring Data JPA repositories in DEFAULT mode.
2026-05-15T15:32:31.944-03:00  INFO 86572 --- [           main] .s.d.r.c.RepositoryConfigurationDelegate : Finished Spring Data repository scanning in 1 ms. Found 0 JPA repository interfaces.
2026-05-15T15:32:31.970-03:00  INFO 86572 --- [           main] o.hibernate.jpa.internal.util.LogHelper  : HHH000204: Processing PersistenceUnitInfo [name: default]
2026-05-15T15:32:31.971-03:00  INFO 86572 --- [           main] o.h.c.internal.RegionFactoryInitiator    : HHH000026: Second-level cache disabled
2026-05-15T15:32:31.974-03:00  INFO 86572 --- [           main] o.s.o.j.p.SpringPersistenceUnitInfo      : No LoadTimeWeaver setup: ignoring JPA class transformer
2026-05-15T15:32:31.974-03:00  INFO 86572 --- [           main] com.zaxxer.hikari.HikariDataSource       : HikariPool-22 - Starting...
2026-05-15T15:32:31.975-03:00  INFO 86572 --- [           main] com.zaxxer.hikari.pool.HikariPool        : HikariPool-22 - Added connection conn37: url=jdbc:h2:mem:testdb user=SA
2026-05-15T15:32:31.975-03:00  INFO 86572 --- [           main] com.zaxxer.hikari.HikariDataSource       : HikariPool-22 - Start completed.
2026-05-15T15:32:31.975-03:00  WARN 86572 --- [           main] org.hibernate.orm.deprecation            : HHH90000025: H2Dialect does not need to be specified explicitly using 'hibernate.dialect' (remove the property setting and it will be selected by default)
2026-05-15T15:32:31.975-03:00  INFO 86572 --- [           main] org.hibernate.orm.connections.pooling    : HHH10001005: Database info:
	Database JDBC URL [Connecting through datasource 'HikariDataSource (HikariPool-22)']
	Database driver: undefined/unknown
	Database version: 2.3.232
	Autocommit mode: undefined/unknown
	Isolation level: undefined/unknown
	Minimum pool size: undefined/unknown
	Maximum pool size: undefined/unknown
2026-05-15T15:32:31.981-03:00  INFO 86572 --- [           main] o.h.e.t.j.p.i.JtaPlatformInitiator       : HHH000489: No JTA platform available (set 'hibernate.transaction.jta.platform' to enable JTA platform integration)
2026-05-15T15:32:31.981-03:00  INFO 86572 --- [           main] j.LocalContainerEntityManagerFactoryBean : Initialized JPA EntityManagerFactory for persistence unit 'default'
2026-05-15T15:32:31.989-03:00  WARN 86572 --- [           main] JpaBaseConfiguration$JpaWebConfiguration : spring.jpa.open-in-view is enabled by default. Therefore, database queries may be performed during view rendering. Explicitly configure spring.jpa.open-in-view to disable this warning
2026-05-15T15:32:31.993-03:00  INFO 86572 --- [           main] o.s.v.b.OptionalValidatorFactoryBean     : Failed to set up a Bean Validation provider: jakarta.validation.NoProviderFoundException: Unable to create a Configuration, because no Jakarta Bean Validation provider could be found. Add a provider like Hibernate Validator (RI) to your classpath.
2026-05-15T15:32:32.033-03:00  INFO 86572 --- [           main] o.s.b.a.h2.H2ConsoleAutoConfiguration    : H2 console available at '/h2-console'. Database available at 'jdbc:h2:mem:testdb'
2026-05-15T15:32:32.035-03:00  INFO 86572 --- [           main] o.s.b.t.m.w.SpringBootMockServletContext : Initializing Spring TestDispatcherServlet ''
2026-05-15T15:32:32.035-03:00  INFO 86572 --- [           main] o.s.t.web.servlet.TestDispatcherServlet  : Initializing Servlet ''
2026-05-15T15:32:32.035-03:00  INFO 86572 --- [           main] o.s.b.a.e.web.EndpointLinksResolver      : Exposing 13 endpoints beneath base path '/actuator'
2026-05-15T15:32:32.037-03:00  INFO 86572 --- [           main] o.s.t.web.servlet.TestDispatcherServlet  : Completed initialization in 2 ms
2026-05-15T15:32:32.043-03:00  INFO 86572 --- [           main] a.e.u.d.k.c.DonadoresControllerTest      : Started DonadoresControllerTest in 0.169 seconds (process running for 9.152)
2026-05-15T15:32:32.055-03:00  INFO 86572 --- [           main] j.LocalContainerEntityManagerFactoryBean : Closing JPA EntityManagerFactory for persistence unit 'default'
2026-05-15T15:32:32.055-03:00  INFO 86572 --- [           main] com.zaxxer.hikari.HikariDataSource       : HikariPool-22 - Shutdown initiated...
2026-05-15T15:32:32.055-03:00  INFO 86572 --- [           main] com.zaxxer.hikari.HikariDataSource       : HikariPool-22 - Shutdown completed.
]]></system-out>
  </testcase>
  <testcase name="postQuejas_valida" classname="ar.edu.utn.dds.k3003.controllers.DonadoresControllerTest" time="0.013">
    <system-out><![CDATA[2026-05-15T15:32:32.057-03:00  INFO 86572 --- [           main] o.s.b.d.r.RestartApplicationListener     : Restart disabled due to context in which it is running

  .   ____          _            __ _ _
 /\\ / ___'_ __ _ _(_)_ __  __ _ \ \ \ \
( ( )\___ | '_ | '_| | '_ \/ _` | \ \ \ \
 \\/  ___)| |_)| | | | | || (_| |  ) ) ) )
  '  |____| .__|_| |_|_| |_\__, | / / / /
 =========|_|==============|___/=/_/_/_/

 :: Spring Boot ::                (v3.5.8)

2026-05-15T15:32:32.061-03:00  INFO 86572 --- [           main] a.e.u.d.k.c.DonadoresControllerTest      : Starting DonadoresControllerTest using Java 26 with PID 86572 (started by u634988 in /Users/u634988/Documents/utn/entrega-2-andrycarrascoutn)
2026-05-15T15:32:32.061-03:00  INFO 86572 --- [           main] a.e.u.d.k.c.DonadoresControllerTest      : No active profile set, falling back to 1 default profile: "default"
2026-05-15T15:32:32.125-03:00  INFO 86572 --- [           main] .s.d.r.c.RepositoryConfigurationDelegate : Bootstrapping Spring Data JPA repositories in DEFAULT mode.
2026-05-15T15:32:32.127-03:00  INFO 86572 --- [           main] .s.d.r.c.RepositoryConfigurationDelegate : Finished Spring Data repository scanning in 1 ms. Found 0 JPA repository interfaces.
2026-05-15T15:32:32.144-03:00  INFO 86572 --- [           main] o.hibernate.jpa.internal.util.LogHelper  : HHH000204: Processing PersistenceUnitInfo [name: default]
2026-05-15T15:32:32.145-03:00  INFO 86572 --- [           main] o.h.c.internal.RegionFactoryInitiator    : HHH000026: Second-level cache disabled
2026-05-15T15:32:32.148-03:00  INFO 86572 --- [           main] o.s.o.j.p.SpringPersistenceUnitInfo      : No LoadTimeWeaver setup: ignoring JPA class transformer
2026-05-15T15:32:32.148-03:00  INFO 86572 --- [           main] com.zaxxer.hikari.HikariDataSource       : HikariPool-23 - Starting...
2026-05-15T15:32:32.149-03:00  INFO 86572 --- [           main] com.zaxxer.hikari.pool.HikariPool        : HikariPool-23 - Added connection conn38: url=jdbc:h2:mem:testdb user=SA
2026-05-15T15:32:32.149-03:00  INFO 86572 --- [           main] com.zaxxer.hikari.HikariDataSource       : HikariPool-23 - Start completed.
2026-05-15T15:32:32.149-03:00  WARN 86572 --- [           main] org.hibernate.orm.deprecation            : HHH90000025: H2Dialect does not need to be specified explicitly using 'hibernate.dialect' (remove the property setting and it will be selected by default)
2026-05-15T15:32:32.149-03:00  INFO 86572 --- [           main] org.hibernate.orm.connections.pooling    : HHH10001005: Database info:
	Database JDBC URL [Connecting through datasource 'HikariDataSource (HikariPool-23)']
	Database driver: undefined/unknown
	Database version: 2.3.232
	Autocommit mode: undefined/unknown
	Isolation level: undefined/unknown
	Minimum pool size: undefined/unknown
	Maximum pool size: undefined/unknown
2026-05-15T15:32:32.155-03:00  INFO 86572 --- [           main] o.h.e.t.j.p.i.JtaPlatformInitiator       : HHH000489: No JTA platform available (set 'hibernate.transaction.jta.platform' to enable JTA platform integration)
2026-05-15T15:32:32.155-03:00  INFO 86572 --- [           main] j.LocalContainerEntityManagerFactoryBean : Initialized JPA EntityManagerFactory for persistence unit 'default'
2026-05-15T15:32:32.164-03:00  WARN 86572 --- [           main] JpaBaseConfiguration$JpaWebConfiguration : spring.jpa.open-in-view is enabled by default. Therefore, database queries may be performed during view rendering. Explicitly configure spring.jpa.open-in-view to disable this warning
2026-05-15T15:32:32.168-03:00  INFO 86572 --- [           main] o.s.v.b.OptionalValidatorFactoryBean     : Failed to set up a Bean Validation provider: jakarta.validation.NoProviderFoundException: Unable to create a Configuration, because no Jakarta Bean Validation provider could be found. Add a provider like Hibernate Validator (RI) to your classpath.
2026-05-15T15:32:32.208-03:00  INFO 86572 --- [           main] o.s.b.a.h2.H2ConsoleAutoConfiguration    : H2 console available at '/h2-console'. Database available at 'jdbc:h2:mem:testdb'
2026-05-15T15:32:32.211-03:00  INFO 86572 --- [           main] o.s.b.t.m.w.SpringBootMockServletContext : Initializing Spring TestDispatcherServlet ''
2026-05-15T15:32:32.211-03:00  INFO 86572 --- [           main] o.s.t.web.servlet.TestDispatcherServlet  : Initializing Servlet ''
2026-05-15T15:32:32.211-03:00  INFO 86572 --- [           main] o.s.b.a.e.web.EndpointLinksResolver      : Exposing 13 endpoints beneath base path '/actuator'
2026-05-15T15:32:32.213-03:00  INFO 86572 --- [           main] o.s.t.web.servlet.TestDispatcherServlet  : Completed initialization in 2 ms
2026-05-15T15:32:32.220-03:00  INFO 86572 --- [           main] a.e.u.d.k.c.DonadoresControllerTest      : Started DonadoresControllerTest in 0.164 seconds (process running for 9.328)
2026-05-15T15:32:32.233-03:00  INFO 86572 --- [           main] j.LocalContainerEntityManagerFactoryBean : Closing JPA EntityManagerFactory for persistence unit 'default'
2026-05-15T15:32:32.233-03:00  INFO 86572 --- [           main] com.zaxxer.hikari.HikariDataSource       : HikariPool-23 - Shutdown initiated...
2026-05-15T15:32:32.233-03:00  INFO 86572 --- [           main] com.zaxxer.hikari.HikariDataSource       : HikariPool-23 - Shutdown completed.
]]></system-out>
  </testcase>
  <testcase name="postDonador_creacionExitosa" classname="ar.edu.utn.dds.k3003.controllers.DonadoresControllerTest" time="0.008">
    <system-out><![CDATA[2026-05-15T15:32:32.234-03:00  INFO 86572 --- [           main] o.s.b.d.r.RestartApplicationListener     : Restart disabled due to context in which it is running

  .   ____          _            __ _ _
 /\\ / ___'_ __ _ _(_)_ __  __ _ \ \ \ \
( ( )\___ | '_ | '_| | '_ \/ _` | \ \ \ \
 \\/  ___)| |_)| | | | | || (_| |  ) ) ) )
  '  |____| .__|_| |_|_| |_\__, | / / / /
 =========|_|==============|___/=/_/_/_/

 :: Spring Boot ::                (v3.5.8)

2026-05-15T15:32:32.239-03:00  INFO 86572 --- [           main] a.e.u.d.k.c.DonadoresControllerTest      : Starting DonadoresControllerTest using Java 26 with PID 86572 (started by u634988 in /Users/u634988/Documents/utn/entrega-2-andrycarrascoutn)
2026-05-15T15:32:32.239-03:00  INFO 86572 --- [           main] a.e.u.d.k.c.DonadoresControllerTest      : No active profile set, falling back to 1 default profile: "default"
2026-05-15T15:32:32.300-03:00  INFO 86572 --- [           main] .s.d.r.c.RepositoryConfigurationDelegate : Bootstrapping Spring Data JPA repositories in DEFAULT mode.
2026-05-15T15:32:32.302-03:00  INFO 86572 --- [           main] .s.d.r.c.RepositoryConfigurationDelegate : Finished Spring Data repository scanning in 1 ms. Found 0 JPA repository interfaces.
2026-05-15T15:32:32.319-03:00  INFO 86572 --- [           main] o.hibernate.jpa.internal.util.LogHelper  : HHH000204: Processing PersistenceUnitInfo [name: default]
2026-05-15T15:32:32.320-03:00  INFO 86572 --- [           main] o.h.c.internal.RegionFactoryInitiator    : HHH000026: Second-level cache disabled
2026-05-15T15:32:32.323-03:00  INFO 86572 --- [           main] o.s.o.j.p.SpringPersistenceUnitInfo      : No LoadTimeWeaver setup: ignoring JPA class transformer
2026-05-15T15:32:32.323-03:00  INFO 86572 --- [           main] com.zaxxer.hikari.HikariDataSource       : HikariPool-24 - Starting...
2026-05-15T15:32:32.324-03:00  INFO 86572 --- [           main] com.zaxxer.hikari.pool.HikariPool        : HikariPool-24 - Added connection conn39: url=jdbc:h2:mem:testdb user=SA
2026-05-15T15:32:32.324-03:00  INFO 86572 --- [           main] com.zaxxer.hikari.HikariDataSource       : HikariPool-24 - Start completed.
2026-05-15T15:32:32.324-03:00  WARN 86572 --- [           main] org.hibernate.orm.deprecation            : HHH90000025: H2Dialect does not need to be specified explicitly using 'hibernate.dialect' (remove the property setting and it will be selected by default)
2026-05-15T15:32:32.324-03:00  INFO 86572 --- [           main] org.hibernate.orm.connections.pooling    : HHH10001005: Database info:
	Database JDBC URL [Connecting through datasource 'HikariDataSource (HikariPool-24)']
	Database driver: undefined/unknown
	Database version: 2.3.232
	Autocommit mode: undefined/unknown
	Isolation level: undefined/unknown
	Minimum pool size: undefined/unknown
	Maximum pool size: undefined/unknown
2026-05-15T15:32:32.330-03:00  INFO 86572 --- [           main] o.h.e.t.j.p.i.JtaPlatformInitiator       : HHH000489: No JTA platform available (set 'hibernate.transaction.jta.platform' to enable JTA platform integration)
2026-05-15T15:32:32.330-03:00  INFO 86572 --- [           main] j.LocalContainerEntityManagerFactoryBean : Initialized JPA EntityManagerFactory for persistence unit 'default'
2026-05-15T15:32:32.339-03:00  WARN 86572 --- [           main] JpaBaseConfiguration$JpaWebConfiguration : spring.jpa.open-in-view is enabled by default. Therefore, database queries may be performed during view rendering. Explicitly configure spring.jpa.open-in-view to disable this warning
2026-05-15T15:32:32.343-03:00  INFO 86572 --- [           main] o.s.v.b.OptionalValidatorFactoryBean     : Failed to set up a Bean Validation provider: jakarta.validation.NoProviderFoundException: Unable to create a Configuration, because no Jakarta Bean Validation provider could be found. Add a provider like Hibernate Validator (RI) to your classpath.
2026-05-15T15:32:32.382-03:00  INFO 86572 --- [           main] o.s.b.a.h2.H2ConsoleAutoConfiguration    : H2 console available at '/h2-console'. Database available at 'jdbc:h2:mem:testdb'
2026-05-15T15:32:32.384-03:00  INFO 86572 --- [           main] o.s.b.t.m.w.SpringBootMockServletContext : Initializing Spring TestDispatcherServlet ''
2026-05-15T15:32:32.384-03:00  INFO 86572 --- [           main] o.s.t.web.servlet.TestDispatcherServlet  : Initializing Servlet ''
2026-05-15T15:32:32.384-03:00  INFO 86572 --- [           main] o.s.b.a.e.web.EndpointLinksResolver      : Exposing 13 endpoints beneath base path '/actuator'
2026-05-15T15:32:32.386-03:00  INFO 86572 --- [           main] o.s.t.web.servlet.TestDispatcherServlet  : Completed initialization in 2 ms
2026-05-15T15:32:32.392-03:00  INFO 86572 --- [           main] a.e.u.d.k.c.DonadoresControllerTest      : Started DonadoresControllerTest in 0.158 seconds (process running for 9.501)
2026-05-15T15:32:32.400-03:00  INFO 86572 --- [           main] j.LocalContainerEntityManagerFactoryBean : Closing JPA EntityManagerFactory for persistence unit 'default'
2026-05-15T15:32:32.401-03:00  INFO 86572 --- [           main] com.zaxxer.hikari.HikariDataSource       : HikariPool-24 - Shutdown initiated...
2026-05-15T15:32:32.401-03:00  INFO 86572 --- [           main] com.zaxxer.hikari.HikariDataSource       : HikariPool-24 - Shutdown completed.
]]></system-out>
  </testcase>
  <testcase name="getDonadorById_noEncontrado_retorna404" classname="ar.edu.utn.dds.k3003.controllers.DonadoresControllerTest" time="0.006">
    <system-out><![CDATA[2026-05-15T15:32:32.402-03:00  INFO 86572 --- [           main] o.s.b.d.r.RestartApplicationListener     : Restart disabled due to context in which it is running

  .   ____          _            __ _ _
 /\\ / ___'_ __ _ _(_)_ __  __ _ \ \ \ \
( ( )\___ | '_ | '_| | '_ \/ _` | \ \ \ \
 \\/  ___)| |_)| | | | | || (_| |  ) ) ) )
  '  |____| .__|_| |_|_| |_\__, | / / / /
 =========|_|==============|___/=/_/_/_/

 :: Spring Boot ::                (v3.5.8)

2026-05-15T15:32:32.406-03:00  INFO 86572 --- [           main] a.e.u.d.k.c.DonadoresControllerTest      : Starting DonadoresControllerTest using Java 26 with PID 86572 (started by u634988 in /Users/u634988/Documents/utn/entrega-2-andrycarrascoutn)
2026-05-15T15:32:32.406-03:00  INFO 86572 --- [           main] a.e.u.d.k.c.DonadoresControllerTest      : No active profile set, falling back to 1 default profile: "default"
2026-05-15T15:32:32.467-03:00  INFO 86572 --- [           main] .s.d.r.c.RepositoryConfigurationDelegate : Bootstrapping Spring Data JPA repositories in DEFAULT mode.
2026-05-15T15:32:32.469-03:00  INFO 86572 --- [           main] .s.d.r.c.RepositoryConfigurationDelegate : Finished Spring Data repository scanning in 1 ms. Found 0 JPA repository interfaces.
2026-05-15T15:32:32.485-03:00  INFO 86572 --- [           main] o.hibernate.jpa.internal.util.LogHelper  : HHH000204: Processing PersistenceUnitInfo [name: default]
2026-05-15T15:32:32.486-03:00  INFO 86572 --- [           main] o.h.c.internal.RegionFactoryInitiator    : HHH000026: Second-level cache disabled
2026-05-15T15:32:32.488-03:00  INFO 86572 --- [           main] o.s.o.j.p.SpringPersistenceUnitInfo      : No LoadTimeWeaver setup: ignoring JPA class transformer
2026-05-15T15:32:32.488-03:00  INFO 86572 --- [           main] com.zaxxer.hikari.HikariDataSource       : HikariPool-25 - Starting...
2026-05-15T15:32:32.489-03:00  INFO 86572 --- [           main] com.zaxxer.hikari.pool.HikariPool        : HikariPool-25 - Added connection conn40: url=jdbc:h2:mem:testdb user=SA
2026-05-15T15:32:32.489-03:00  INFO 86572 --- [           main] com.zaxxer.hikari.HikariDataSource       : HikariPool-25 - Start completed.
2026-05-15T15:32:32.490-03:00  WARN 86572 --- [           main] org.hibernate.orm.deprecation            : HHH90000025: H2Dialect does not need to be specified explicitly using 'hibernate.dialect' (remove the property setting and it will be selected by default)
2026-05-15T15:32:32.490-03:00  INFO 86572 --- [           main] org.hibernate.orm.connections.pooling    : HHH10001005: Database info:
	Database JDBC URL [Connecting through datasource 'HikariDataSource (HikariPool-25)']
	Database driver: undefined/unknown
	Database version: 2.3.232
	Autocommit mode: undefined/unknown
	Isolation level: undefined/unknown
	Minimum pool size: undefined/unknown
	Maximum pool size: undefined/unknown
2026-05-15T15:32:32.495-03:00  INFO 86572 --- [           main] o.h.e.t.j.p.i.JtaPlatformInitiator       : HHH000489: No JTA platform available (set 'hibernate.transaction.jta.platform' to enable JTA platform integration)
2026-05-15T15:32:32.495-03:00  INFO 86572 --- [           main] j.LocalContainerEntityManagerFactoryBean : Initialized JPA EntityManagerFactory for persistence unit 'default'
2026-05-15T15:32:32.504-03:00  WARN 86572 --- [           main] JpaBaseConfiguration$JpaWebConfiguration : spring.jpa.open-in-view is enabled by default. Therefore, database queries may be performed during view rendering. Explicitly configure spring.jpa.open-in-view to disable this warning
2026-05-15T15:32:32.507-03:00  INFO 86572 --- [           main] o.s.v.b.OptionalValidatorFactoryBean     : Failed to set up a Bean Validation provider: jakarta.validation.NoProviderFoundException: Unable to create a Configuration, because no Jakarta Bean Validation provider could be found. Add a provider like Hibernate Validator (RI) to your classpath.
2026-05-15T15:32:32.546-03:00  INFO 86572 --- [           main] o.s.b.a.h2.H2ConsoleAutoConfiguration    : H2 console available at '/h2-console'. Database available at 'jdbc:h2:mem:testdb'
2026-05-15T15:32:32.548-03:00  INFO 86572 --- [           main] o.s.b.t.m.w.SpringBootMockServletContext : Initializing Spring TestDispatcherServlet ''
2026-05-15T15:32:32.548-03:00  INFO 86572 --- [           main] o.s.t.web.servlet.TestDispatcherServlet  : Initializing Servlet ''
2026-05-15T15:32:32.549-03:00  INFO 86572 --- [           main] o.s.b.a.e.web.EndpointLinksResolver      : Exposing 13 endpoints beneath base path '/actuator'
2026-05-15T15:32:32.551-03:00  INFO 86572 --- [           main] o.s.t.web.servlet.TestDispatcherServlet  : Completed initialization in 3 ms
2026-05-15T15:32:32.557-03:00  INFO 86572 --- [           main] a.e.u.d.k.c.DonadoresControllerTest      : Started DonadoresControllerTest in 0.155 seconds (process running for 9.665)
2026-05-15T15:32:32.563-03:00  INFO 86572 --- [           main] j.LocalContainerEntityManagerFactoryBean : Closing JPA EntityManagerFactory for persistence unit 'default'
2026-05-15T15:32:32.563-03:00  INFO 86572 --- [           main] com.zaxxer.hikari.HikariDataSource       : HikariPool-25 - Shutdown initiated...
2026-05-15T15:32:32.563-03:00  INFO 86572 --- [           main] com.zaxxer.hikari.HikariDataSource       : HikariPool-25 - Shutdown completed.
]]></system-out>
  </testcase>
  <testcase name="getQuejas" classname="ar.edu.utn.dds.k3003.controllers.DonadoresControllerTest" time="0.014">
    <system-out><![CDATA[2026-05-15T15:32:32.564-03:00  INFO 86572 --- [           main] o.s.b.d.r.RestartApplicationListener     : Restart disabled due to context in which it is running

  .   ____          _            __ _ _
 /\\ / ___'_ __ _ _(_)_ __  __ _ \ \ \ \
( ( )\___ | '_ | '_| | '_ \/ _` | \ \ \ \
 \\/  ___)| |_)| | | | | || (_| |  ) ) ) )
  '  |____| .__|_| |_|_| |_\__, | / / / /
 =========|_|==============|___/=/_/_/_/

 :: Spring Boot ::                (v3.5.8)

2026-05-15T15:32:32.569-03:00  INFO 86572 --- [           main] a.e.u.d.k.c.DonadoresControllerTest      : Starting DonadoresControllerTest using Java 26 with PID 86572 (started by u634988 in /Users/u634988/Documents/utn/entrega-2-andrycarrascoutn)
2026-05-15T15:32:32.569-03:00  INFO 86572 --- [           main] a.e.u.d.k.c.DonadoresControllerTest      : No active profile set, falling back to 1 default profile: "default"
2026-05-15T15:32:32.631-03:00  INFO 86572 --- [           main] .s.d.r.c.RepositoryConfigurationDelegate : Bootstrapping Spring Data JPA repositories in DEFAULT mode.
2026-05-15T15:32:32.633-03:00  INFO 86572 --- [           main] .s.d.r.c.RepositoryConfigurationDelegate : Finished Spring Data repository scanning in 1 ms. Found 0 JPA repository interfaces.
2026-05-15T15:32:32.651-03:00  INFO 86572 --- [           main] o.hibernate.jpa.internal.util.LogHelper  : HHH000204: Processing PersistenceUnitInfo [name: default]
2026-05-15T15:32:32.652-03:00  INFO 86572 --- [           main] o.h.c.internal.RegionFactoryInitiator    : HHH000026: Second-level cache disabled
2026-05-15T15:32:32.654-03:00  INFO 86572 --- [           main] o.s.o.j.p.SpringPersistenceUnitInfo      : No LoadTimeWeaver setup: ignoring JPA class transformer
2026-05-15T15:32:32.655-03:00  INFO 86572 --- [           main] com.zaxxer.hikari.HikariDataSource       : HikariPool-26 - Starting...
2026-05-15T15:32:32.656-03:00  INFO 86572 --- [           main] com.zaxxer.hikari.pool.HikariPool        : HikariPool-26 - Added connection conn41: url=jdbc:h2:mem:testdb user=SA
2026-05-15T15:32:32.656-03:00  INFO 86572 --- [           main] com.zaxxer.hikari.HikariDataSource       : HikariPool-26 - Start completed.
2026-05-15T15:32:32.656-03:00  WARN 86572 --- [           main] org.hibernate.orm.deprecation            : HHH90000025: H2Dialect does not need to be specified explicitly using 'hibernate.dialect' (remove the property setting and it will be selected by default)
2026-05-15T15:32:32.656-03:00  INFO 86572 --- [           main] org.hibernate.orm.connections.pooling    : HHH10001005: Database info:
	Database JDBC URL [Connecting through datasource 'HikariDataSource (HikariPool-26)']
	Database driver: undefined/unknown
	Database version: 2.3.232
	Autocommit mode: undefined/unknown
	Isolation level: undefined/unknown
	Minimum pool size: undefined/unknown
	Maximum pool size: undefined/unknown
2026-05-15T15:32:32.662-03:00  INFO 86572 --- [           main] o.h.e.t.j.p.i.JtaPlatformInitiator       : HHH000489: No JTA platform available (set 'hibernate.transaction.jta.platform' to enable JTA platform integration)
2026-05-15T15:32:32.662-03:00  INFO 86572 --- [           main] j.LocalContainerEntityManagerFactoryBean : Initialized JPA EntityManagerFactory for persistence unit 'default'
2026-05-15T15:32:32.679-03:00  WARN 86572 --- [           main] JpaBaseConfiguration$JpaWebConfiguration : spring.jpa.open-in-view is enabled by default. Therefore, database queries may be performed during view rendering. Explicitly configure spring.jpa.open-in-view to disable this warning
2026-05-15T15:32:32.683-03:00  INFO 86572 --- [           main] o.s.v.b.OptionalValidatorFactoryBean     : Failed to set up a Bean Validation provider: jakarta.validation.NoProviderFoundException: Unable to create a Configuration, because no Jakarta Bean Validation provider could be found. Add a provider like Hibernate Validator (RI) to your classpath.
2026-05-15T15:32:32.723-03:00  INFO 86572 --- [           main] o.s.b.a.h2.H2ConsoleAutoConfiguration    : H2 console available at '/h2-console'. Database available at 'jdbc:h2:mem:testdb'
2026-05-15T15:32:32.725-03:00  INFO 86572 --- [           main] o.s.b.t.m.w.SpringBootMockServletContext : Initializing Spring TestDispatcherServlet ''
2026-05-15T15:32:32.725-03:00  INFO 86572 --- [           main] o.s.t.web.servlet.TestDispatcherServlet  : Initializing Servlet ''
2026-05-15T15:32:32.725-03:00  INFO 86572 --- [           main] o.s.b.a.e.web.EndpointLinksResolver      : Exposing 13 endpoints beneath base path '/actuator'
2026-05-15T15:32:32.727-03:00  INFO 86572 --- [           main] o.s.t.web.servlet.TestDispatcherServlet  : Completed initialization in 2 ms
2026-05-15T15:32:32.732-03:00  INFO 86572 --- [           main] a.e.u.d.k.c.DonadoresControllerTest      : Started DonadoresControllerTest in 0.168 seconds (process running for 9.841)
2026-05-15T15:32:32.746-03:00  INFO 86572 --- [           main] j.LocalContainerEntityManagerFactoryBean : Closing JPA EntityManagerFactory for persistence unit 'default'
2026-05-15T15:32:32.746-03:00  INFO 86572 --- [           main] com.zaxxer.hikari.HikariDataSource       : HikariPool-26 - Shutdown initiated...
2026-05-15T15:32:32.747-03:00  INFO 86572 --- [           main] com.zaxxer.hikari.HikariDataSource       : HikariPool-26 - Shutdown completed.
]]></system-out>
  </testcase>
  <testcase name="getDonadores_listarTodos" classname="ar.edu.utn.dds.k3003.controllers.DonadoresControllerTest" time="0.012">
    <system-out><![CDATA[2026-05-15T15:32:32.748-03:00  INFO 86572 --- [           main] o.s.b.d.r.RestartApplicationListener     : Restart disabled due to context in which it is running

  .   ____          _            __ _ _
 /\\ / ___'_ __ _ _(_)_ __  __ _ \ \ \ \
( ( )\___ | '_ | '_| | '_ \/ _` | \ \ \ \
 \\/  ___)| |_)| | | | | || (_| |  ) ) ) )
  '  |____| .__|_| |_|_| |_\__, | / / / /
 =========|_|==============|___/=/_/_/_/

 :: Spring Boot ::                (v3.5.8)

2026-05-15T15:32:32.752-03:00  INFO 86572 --- [           main] a.e.u.d.k.c.DonadoresControllerTest      : Starting DonadoresControllerTest using Java 26 with PID 86572 (started by u634988 in /Users/u634988/Documents/utn/entrega-2-andrycarrascoutn)
2026-05-15T15:32:32.752-03:00  INFO 86572 --- [           main] a.e.u.d.k.c.DonadoresControllerTest      : No active profile set, falling back to 1 default profile: "default"
2026-05-15T15:32:32.812-03:00  INFO 86572 --- [           main] .s.d.r.c.RepositoryConfigurationDelegate : Bootstrapping Spring Data JPA repositories in DEFAULT mode.
2026-05-15T15:32:32.814-03:00  INFO 86572 --- [           main] .s.d.r.c.RepositoryConfigurationDelegate : Finished Spring Data repository scanning in 1 ms. Found 0 JPA repository interfaces.
2026-05-15T15:32:32.831-03:00  INFO 86572 --- [           main] o.hibernate.jpa.internal.util.LogHelper  : HHH000204: Processing PersistenceUnitInfo [name: default]
2026-05-15T15:32:32.832-03:00  INFO 86572 --- [           main] o.h.c.internal.RegionFactoryInitiator    : HHH000026: Second-level cache disabled
2026-05-15T15:32:32.834-03:00  INFO 86572 --- [           main] o.s.o.j.p.SpringPersistenceUnitInfo      : No LoadTimeWeaver setup: ignoring JPA class transformer
2026-05-15T15:32:32.835-03:00  INFO 86572 --- [           main] com.zaxxer.hikari.HikariDataSource       : HikariPool-27 - Starting...
2026-05-15T15:32:32.836-03:00  INFO 86572 --- [           main] com.zaxxer.hikari.pool.HikariPool        : HikariPool-27 - Added connection conn42: url=jdbc:h2:mem:testdb user=SA
2026-05-15T15:32:32.836-03:00  INFO 86572 --- [           main] com.zaxxer.hikari.HikariDataSource       : HikariPool-27 - Start completed.
2026-05-15T15:32:32.836-03:00  WARN 86572 --- [           main] org.hibernate.orm.deprecation            : HHH90000025: H2Dialect does not need to be specified explicitly using 'hibernate.dialect' (remove the property setting and it will be selected by default)
2026-05-15T15:32:32.836-03:00  INFO 86572 --- [           main] org.hibernate.orm.connections.pooling    : HHH10001005: Database info:
	Database JDBC URL [Connecting through datasource 'HikariDataSource (HikariPool-27)']
	Database driver: undefined/unknown
	Database version: 2.3.232
	Autocommit mode: undefined/unknown
	Isolation level: undefined/unknown
	Minimum pool size: undefined/unknown
	Maximum pool size: undefined/unknown
2026-05-15T15:32:32.841-03:00  INFO 86572 --- [           main] o.h.e.t.j.p.i.JtaPlatformInitiator       : HHH000489: No JTA platform available (set 'hibernate.transaction.jta.platform' to enable JTA platform integration)
2026-05-15T15:32:32.841-03:00  INFO 86572 --- [           main] j.LocalContainerEntityManagerFactoryBean : Initialized JPA EntityManagerFactory for persistence unit 'default'
2026-05-15T15:32:32.849-03:00  WARN 86572 --- [           main] JpaBaseConfiguration$JpaWebConfiguration : spring.jpa.open-in-view is enabled by default. Therefore, database queries may be performed during view rendering. Explicitly configure spring.jpa.open-in-view to disable this warning
2026-05-15T15:32:32.853-03:00  INFO 86572 --- [           main] o.s.v.b.OptionalValidatorFactoryBean     : Failed to set up a Bean Validation provider: jakarta.validation.NoProviderFoundException: Unable to create a Configuration, because no Jakarta Bean Validation provider could be found. Add a provider like Hibernate Validator (RI) to your classpath.
2026-05-15T15:32:32.892-03:00  INFO 86572 --- [           main] o.s.b.a.h2.H2ConsoleAutoConfiguration    : H2 console available at '/h2-console'. Database available at 'jdbc:h2:mem:testdb'
2026-05-15T15:32:32.893-03:00  INFO 86572 --- [           main] o.s.b.t.m.w.SpringBootMockServletContext : Initializing Spring TestDispatcherServlet ''
2026-05-15T15:32:32.893-03:00  INFO 86572 --- [           main] o.s.t.web.servlet.TestDispatcherServlet  : Initializing Servlet ''
2026-05-15T15:32:32.894-03:00  INFO 86572 --- [           main] o.s.b.a.e.web.EndpointLinksResolver      : Exposing 13 endpoints beneath base path '/actuator'
2026-05-15T15:32:32.896-03:00  INFO 86572 --- [           main] o.s.t.web.servlet.TestDispatcherServlet  : Completed initialization in 3 ms
2026-05-15T15:32:32.902-03:00  INFO 86572 --- [           main] a.e.u.d.k.c.DonadoresControllerTest      : Started DonadoresControllerTest in 0.154 seconds (process running for 10.01)
2026-05-15T15:32:32.914-03:00  INFO 86572 --- [           main] j.LocalContainerEntityManagerFactoryBean : Closing JPA EntityManagerFactory for persistence unit 'default'
2026-05-15T15:32:32.914-03:00  INFO 86572 --- [           main] com.zaxxer.hikari.HikariDataSource       : HikariPool-27 - Shutdown initiated...
2026-05-15T15:32:32.914-03:00  INFO 86572 --- [           main] com.zaxxer.hikari.HikariDataSource       : HikariPool-27 - Shutdown completed.
]]></system-out>
  </testcase>
  <testcase name="getEstadisticas" classname="ar.edu.utn.dds.k3003.controllers.DonadoresControllerTest" time="0.017">
    <system-out><![CDATA[2026-05-15T15:32:32.915-03:00  INFO 86572 --- [           main] o.s.b.d.r.RestartApplicationListener     : Restart disabled due to context in which it is running

  .   ____          _            __ _ _
 /\\ / ___'_ __ _ _(_)_ __  __ _ \ \ \ \
( ( )\___ | '_ | '_| | '_ \/ _` | \ \ \ \
 \\/  ___)| |_)| | | | | || (_| |  ) ) ) )
  '  |____| .__|_| |_|_| |_\__, | / / / /
 =========|_|==============|___/=/_/_/_/

 :: Spring Boot ::                (v3.5.8)

2026-05-15T15:32:32.920-03:00  INFO 86572 --- [           main] a.e.u.d.k.c.DonadoresControllerTest      : Starting DonadoresControllerTest using Java 26 with PID 86572 (started by u634988 in /Users/u634988/Documents/utn/entrega-2-andrycarrascoutn)
2026-05-15T15:32:32.920-03:00  INFO 86572 --- [           main] a.e.u.d.k.c.DonadoresControllerTest      : No active profile set, falling back to 1 default profile: "default"
2026-05-15T15:32:32.977-03:00  INFO 86572 --- [           main] .s.d.r.c.RepositoryConfigurationDelegate : Bootstrapping Spring Data JPA repositories in DEFAULT mode.
2026-05-15T15:32:32.980-03:00  INFO 86572 --- [           main] .s.d.r.c.RepositoryConfigurationDelegate : Finished Spring Data repository scanning in 1 ms. Found 0 JPA repository interfaces.
2026-05-15T15:32:32.995-03:00  INFO 86572 --- [           main] o.hibernate.jpa.internal.util.LogHelper  : HHH000204: Processing PersistenceUnitInfo [name: default]
2026-05-15T15:32:32.996-03:00  INFO 86572 --- [           main] o.h.c.internal.RegionFactoryInitiator    : HHH000026: Second-level cache disabled
2026-05-15T15:32:32.999-03:00  INFO 86572 --- [           main] o.s.o.j.p.SpringPersistenceUnitInfo      : No LoadTimeWeaver setup: ignoring JPA class transformer
2026-05-15T15:32:32.999-03:00  INFO 86572 --- [           main] com.zaxxer.hikari.HikariDataSource       : HikariPool-28 - Starting...
2026-05-15T15:32:33.000-03:00  INFO 86572 --- [           main] com.zaxxer.hikari.pool.HikariPool        : HikariPool-28 - Added connection conn43: url=jdbc:h2:mem:testdb user=SA
2026-05-15T15:32:33.000-03:00  INFO 86572 --- [           main] com.zaxxer.hikari.HikariDataSource       : HikariPool-28 - Start completed.
2026-05-15T15:32:33.000-03:00  WARN 86572 --- [           main] org.hibernate.orm.deprecation            : HHH90000025: H2Dialect does not need to be specified explicitly using 'hibernate.dialect' (remove the property setting and it will be selected by default)
2026-05-15T15:32:33.000-03:00  INFO 86572 --- [           main] org.hibernate.orm.connections.pooling    : HHH10001005: Database info:
	Database JDBC URL [Connecting through datasource 'HikariDataSource (HikariPool-28)']
	Database driver: undefined/unknown
	Database version: 2.3.232
	Autocommit mode: undefined/unknown
	Isolation level: undefined/unknown
	Minimum pool size: undefined/unknown
	Maximum pool size: undefined/unknown
2026-05-15T15:32:33.005-03:00  INFO 86572 --- [           main] o.h.e.t.j.p.i.JtaPlatformInitiator       : HHH000489: No JTA platform available (set 'hibernate.transaction.jta.platform' to enable JTA platform integration)
2026-05-15T15:32:33.005-03:00  INFO 86572 --- [           main] j.LocalContainerEntityManagerFactoryBean : Initialized JPA EntityManagerFactory for persistence unit 'default'
2026-05-15T15:32:33.014-03:00  WARN 86572 --- [           main] JpaBaseConfiguration$JpaWebConfiguration : spring.jpa.open-in-view is enabled by default. Therefore, database queries may be performed during view rendering. Explicitly configure spring.jpa.open-in-view to disable this warning
2026-05-15T15:32:33.017-03:00  INFO 86572 --- [           main] o.s.v.b.OptionalValidatorFactoryBean     : Failed to set up a Bean Validation provider: jakarta.validation.NoProviderFoundException: Unable to create a Configuration, because no Jakarta Bean Validation provider could be found. Add a provider like Hibernate Validator (RI) to your classpath.
2026-05-15T15:32:33.056-03:00  INFO 86572 --- [           main] o.s.b.a.h2.H2ConsoleAutoConfiguration    : H2 console available at '/h2-console'. Database available at 'jdbc:h2:mem:testdb'
2026-05-15T15:32:33.058-03:00  INFO 86572 --- [           main] o.s.b.t.m.w.SpringBootMockServletContext : Initializing Spring TestDispatcherServlet ''
2026-05-15T15:32:33.058-03:00  INFO 86572 --- [           main] o.s.t.web.servlet.TestDispatcherServlet  : Initializing Servlet ''
2026-05-15T15:32:33.058-03:00  INFO 86572 --- [           main] o.s.b.a.e.web.EndpointLinksResolver      : Exposing 13 endpoints beneath base path '/actuator'
2026-05-15T15:32:33.061-03:00  INFO 86572 --- [           main] o.s.t.web.servlet.TestDispatcherServlet  : Completed initialization in 3 ms
2026-05-15T15:32:33.067-03:00  INFO 86572 --- [           main] a.e.u.d.k.c.DonadoresControllerTest      : Started DonadoresControllerTest in 0.152 seconds (process running for 10.175)
2026-05-15T15:32:33.083-03:00  INFO 86572 --- [           main] j.LocalContainerEntityManagerFactoryBean : Closing JPA EntityManagerFactory for persistence unit 'default'
2026-05-15T15:32:33.083-03:00  INFO 86572 --- [           main] com.zaxxer.hikari.HikariDataSource       : HikariPool-28 - Shutdown initiated...
2026-05-15T15:32:33.084-03:00  INFO 86572 --- [           main] com.zaxxer.hikari.HikariDataSource       : HikariPool-28 - Shutdown completed.
]]></system-out>
  </testcase>
  <testcase name="getDonadorById_encontrado" classname="ar.edu.utn.dds.k3003.controllers.DonadoresControllerTest" time="0.009">
    <system-out><![CDATA[2026-05-15T15:32:33.085-03:00  INFO 86572 --- [           main] o.s.b.d.r.RestartApplicationListener     : Restart disabled due to context in which it is running

  .   ____          _            __ _ _
 /\\ / ___'_ __ _ _(_)_ __  __ _ \ \ \ \
( ( )\___ | '_ | '_| | '_ \/ _` | \ \ \ \
 \\/  ___)| |_)| | | | | || (_| |  ) ) ) )
  '  |____| .__|_| |_|_| |_\__, | / / / /
 =========|_|==============|___/=/_/_/_/

 :: Spring Boot ::                (v3.5.8)

2026-05-15T15:32:33.089-03:00  INFO 86572 --- [           main] a.e.u.d.k.c.DonadoresControllerTest      : Starting DonadoresControllerTest using Java 26 with PID 86572 (started by u634988 in /Users/u634988/Documents/utn/entrega-2-andrycarrascoutn)
2026-05-15T15:32:33.089-03:00  INFO 86572 --- [           main] a.e.u.d.k.c.DonadoresControllerTest      : No active profile set, falling back to 1 default profile: "default"
2026-05-15T15:32:33.151-03:00  INFO 86572 --- [           main] .s.d.r.c.RepositoryConfigurationDelegate : Bootstrapping Spring Data JPA repositories in DEFAULT mode.
2026-05-15T15:32:33.154-03:00  INFO 86572 --- [           main] .s.d.r.c.RepositoryConfigurationDelegate : Finished Spring Data repository scanning in 2 ms. Found 0 JPA repository interfaces.
2026-05-15T15:32:33.171-03:00  INFO 86572 --- [           main] o.hibernate.jpa.internal.util.LogHelper  : HHH000204: Processing PersistenceUnitInfo [name: default]
2026-05-15T15:32:33.172-03:00  INFO 86572 --- [           main] o.h.c.internal.RegionFactoryInitiator    : HHH000026: Second-level cache disabled
2026-05-15T15:32:33.174-03:00  INFO 86572 --- [           main] o.s.o.j.p.SpringPersistenceUnitInfo      : No LoadTimeWeaver setup: ignoring JPA class transformer
2026-05-15T15:32:33.174-03:00  INFO 86572 --- [           main] com.zaxxer.hikari.HikariDataSource       : HikariPool-29 - Starting...
2026-05-15T15:32:33.175-03:00  INFO 86572 --- [           main] com.zaxxer.hikari.pool.HikariPool        : HikariPool-29 - Added connection conn44: url=jdbc:h2:mem:testdb user=SA
2026-05-15T15:32:33.175-03:00  INFO 86572 --- [           main] com.zaxxer.hikari.HikariDataSource       : HikariPool-29 - Start completed.
2026-05-15T15:32:33.176-03:00  WARN 86572 --- [           main] org.hibernate.orm.deprecation            : HHH90000025: H2Dialect does not need to be specified explicitly using 'hibernate.dialect' (remove the property setting and it will be selected by default)
2026-05-15T15:32:33.176-03:00  INFO 86572 --- [           main] org.hibernate.orm.connections.pooling    : HHH10001005: Database info:
	Database JDBC URL [Connecting through datasource 'HikariDataSource (HikariPool-29)']
	Database driver: undefined/unknown
	Database version: 2.3.232
	Autocommit mode: undefined/unknown
	Isolation level: undefined/unknown
	Minimum pool size: undefined/unknown
	Maximum pool size: undefined/unknown
2026-05-15T15:32:33.181-03:00  INFO 86572 --- [           main] o.h.e.t.j.p.i.JtaPlatformInitiator       : HHH000489: No JTA platform available (set 'hibernate.transaction.jta.platform' to enable JTA platform integration)
2026-05-15T15:32:33.181-03:00  INFO 86572 --- [           main] j.LocalContainerEntityManagerFactoryBean : Initialized JPA EntityManagerFactory for persistence unit 'default'
2026-05-15T15:32:33.190-03:00  WARN 86572 --- [           main] JpaBaseConfiguration$JpaWebConfiguration : spring.jpa.open-in-view is enabled by default. Therefore, database queries may be performed during view rendering. Explicitly configure spring.jpa.open-in-view to disable this warning
2026-05-15T15:32:33.193-03:00  INFO 86572 --- [           main] o.s.v.b.OptionalValidatorFactoryBean     : Failed to set up a Bean Validation provider: jakarta.validation.NoProviderFoundException: Unable to create a Configuration, because no Jakarta Bean Validation provider could be found. Add a provider like Hibernate Validator (RI) to your classpath.
2026-05-15T15:32:33.233-03:00  INFO 86572 --- [           main] o.s.b.a.h2.H2ConsoleAutoConfiguration    : H2 console available at '/h2-console'. Database available at 'jdbc:h2:mem:testdb'
2026-05-15T15:32:33.235-03:00  INFO 86572 --- [           main] o.s.b.t.m.w.SpringBootMockServletContext : Initializing Spring TestDispatcherServlet ''
2026-05-15T15:32:33.235-03:00  INFO 86572 --- [           main] o.s.t.web.servlet.TestDispatcherServlet  : Initializing Servlet ''
2026-05-15T15:32:33.235-03:00  INFO 86572 --- [           main] o.s.b.a.e.web.EndpointLinksResolver      : Exposing 13 endpoints beneath base path '/actuator'
2026-05-15T15:32:33.237-03:00  INFO 86572 --- [           main] o.s.t.web.servlet.TestDispatcherServlet  : Completed initialization in 2 ms
2026-05-15T15:32:33.243-03:00  INFO 86572 --- [           main] a.e.u.d.k.c.DonadoresControllerTest      : Started DonadoresControllerTest in 0.158 seconds (process running for 10.351)
2026-05-15T15:32:33.251-03:00  INFO 86572 --- [           main] j.LocalContainerEntityManagerFactoryBean : Closing JPA EntityManagerFactory for persistence unit 'default'
2026-05-15T15:32:33.251-03:00  INFO 86572 --- [           main] com.zaxxer.hikari.HikariDataSource       : HikariPool-29 - Shutdown initiated...
2026-05-15T15:32:33.251-03:00  INFO 86572 --- [           main] com.zaxxer.hikari.HikariDataSource       : HikariPool-29 - Shutdown completed.
]]></system-out>
  </testcase>
  <testcase name="patchCategoria_nula_retorna400" classname="ar.edu.utn.dds.k3003.controllers.DonadoresControllerTest" time="0.01">
    <system-out><![CDATA[2026-05-15T15:32:33.253-03:00  INFO 86572 --- [           main] o.s.b.d.r.RestartApplicationListener     : Restart disabled due to context in which it is running

  .   ____          _            __ _ _
 /\\ / ___'_ __ _ _(_)_ __  __ _ \ \ \ \
( ( )\___ | '_ | '_| | '_ \/ _` | \ \ \ \
 \\/  ___)| |_)| | | | | || (_| |  ) ) ) )
  '  |____| .__|_| |_|_| |_\__, | / / / /
 =========|_|==============|___/=/_/_/_/

 :: Spring Boot ::                (v3.5.8)

2026-05-15T15:32:33.257-03:00  INFO 86572 --- [           main] a.e.u.d.k.c.DonadoresControllerTest      : Starting DonadoresControllerTest using Java 26 with PID 86572 (started by u634988 in /Users/u634988/Documents/utn/entrega-2-andrycarrascoutn)
2026-05-15T15:32:33.257-03:00  INFO 86572 --- [           main] a.e.u.d.k.c.DonadoresControllerTest      : No active profile set, falling back to 1 default profile: "default"
2026-05-15T15:32:33.316-03:00  INFO 86572 --- [           main] .s.d.r.c.RepositoryConfigurationDelegate : Bootstrapping Spring Data JPA repositories in DEFAULT mode.
2026-05-15T15:32:33.319-03:00  INFO 86572 --- [           main] .s.d.r.c.RepositoryConfigurationDelegate : Finished Spring Data repository scanning in 1 ms. Found 0 JPA repository interfaces.
2026-05-15T15:32:33.335-03:00  INFO 86572 --- [           main] o.hibernate.jpa.internal.util.LogHelper  : HHH000204: Processing PersistenceUnitInfo [name: default]
2026-05-15T15:32:33.336-03:00  INFO 86572 --- [           main] o.h.c.internal.RegionFactoryInitiator    : HHH000026: Second-level cache disabled
2026-05-15T15:32:33.338-03:00  INFO 86572 --- [           main] o.s.o.j.p.SpringPersistenceUnitInfo      : No LoadTimeWeaver setup: ignoring JPA class transformer
2026-05-15T15:32:33.338-03:00  INFO 86572 --- [           main] com.zaxxer.hikari.HikariDataSource       : HikariPool-30 - Starting...
2026-05-15T15:32:33.339-03:00  INFO 86572 --- [           main] com.zaxxer.hikari.pool.HikariPool        : HikariPool-30 - Added connection conn45: url=jdbc:h2:mem:testdb user=SA
2026-05-15T15:32:33.339-03:00  INFO 86572 --- [           main] com.zaxxer.hikari.HikariDataSource       : HikariPool-30 - Start completed.
2026-05-15T15:32:33.340-03:00  WARN 86572 --- [           main] org.hibernate.orm.deprecation            : HHH90000025: H2Dialect does not need to be specified explicitly using 'hibernate.dialect' (remove the property setting and it will be selected by default)
2026-05-15T15:32:33.340-03:00  INFO 86572 --- [           main] org.hibernate.orm.connections.pooling    : HHH10001005: Database info:
	Database JDBC URL [Connecting through datasource 'HikariDataSource (HikariPool-30)']
	Database driver: undefined/unknown
	Database version: 2.3.232
	Autocommit mode: undefined/unknown
	Isolation level: undefined/unknown
	Minimum pool size: undefined/unknown
	Maximum pool size: undefined/unknown
2026-05-15T15:32:33.345-03:00  INFO 86572 --- [           main] o.h.e.t.j.p.i.JtaPlatformInitiator       : HHH000489: No JTA platform available (set 'hibernate.transaction.jta.platform' to enable JTA platform integration)
2026-05-15T15:32:33.345-03:00  INFO 86572 --- [           main] j.LocalContainerEntityManagerFactoryBean : Initialized JPA EntityManagerFactory for persistence unit 'default'
2026-05-15T15:32:33.354-03:00  WARN 86572 --- [           main] JpaBaseConfiguration$JpaWebConfiguration : spring.jpa.open-in-view is enabled by default. Therefore, database queries may be performed during view rendering. Explicitly configure spring.jpa.open-in-view to disable this warning
2026-05-15T15:32:33.357-03:00  INFO 86572 --- [           main] o.s.v.b.OptionalValidatorFactoryBean     : Failed to set up a Bean Validation provider: jakarta.validation.NoProviderFoundException: Unable to create a Configuration, because no Jakarta Bean Validation provider could be found. Add a provider like Hibernate Validator (RI) to your classpath.
2026-05-15T15:32:33.403-03:00  INFO 86572 --- [           main] o.s.b.a.h2.H2ConsoleAutoConfiguration    : H2 console available at '/h2-console'. Database available at 'jdbc:h2:mem:testdb'
2026-05-15T15:32:33.405-03:00  INFO 86572 --- [           main] o.s.b.t.m.w.SpringBootMockServletContext : Initializing Spring TestDispatcherServlet ''
2026-05-15T15:32:33.405-03:00  INFO 86572 --- [           main] o.s.t.web.servlet.TestDispatcherServlet  : Initializing Servlet ''
2026-05-15T15:32:33.405-03:00  INFO 86572 --- [           main] o.s.b.a.e.web.EndpointLinksResolver      : Exposing 13 endpoints beneath base path '/actuator'
2026-05-15T15:32:33.407-03:00  INFO 86572 --- [           main] o.s.t.web.servlet.TestDispatcherServlet  : Completed initialization in 2 ms
2026-05-15T15:32:33.413-03:00  INFO 86572 --- [           main] a.e.u.d.k.c.DonadoresControllerTest      : Started DonadoresControllerTest in 0.16 seconds (process running for 10.521)
2026-05-15T15:32:33.422-03:00  INFO 86572 --- [           main] j.LocalContainerEntityManagerFactoryBean : Closing JPA EntityManagerFactory for persistence unit 'default'
2026-05-15T15:32:33.422-03:00  INFO 86572 --- [           main] com.zaxxer.hikari.HikariDataSource       : HikariPool-30 - Shutdown initiated...
2026-05-15T15:32:33.422-03:00  INFO 86572 --- [           main] com.zaxxer.hikari.HikariDataSource       : HikariPool-30 - Shutdown completed.
]]></system-out>
  </testcase>
  <testcase name="patchEstado_valido" classname="ar.edu.utn.dds.k3003.controllers.DonadoresControllerTest" time="0.009">
    <system-out><![CDATA[2026-05-15T15:32:33.423-03:00  INFO 86572 --- [           main] o.s.b.d.r.RestartApplicationListener     : Restart disabled due to context in which it is running

  .   ____          _            __ _ _
 /\\ / ___'_ __ _ _(_)_ __  __ _ \ \ \ \
( ( )\___ | '_ | '_| | '_ \/ _` | \ \ \ \
 \\/  ___)| |_)| | | | | || (_| |  ) ) ) )
  '  |____| .__|_| |_|_| |_\__, | / / / /
 =========|_|==============|___/=/_/_/_/

 :: Spring Boot ::                (v3.5.8)

2026-05-15T15:32:33.428-03:00  INFO 86572 --- [           main] a.e.u.d.k.c.DonadoresControllerTest      : Starting DonadoresControllerTest using Java 26 with PID 86572 (started by u634988 in /Users/u634988/Documents/utn/entrega-2-andrycarrascoutn)
2026-05-15T15:32:33.428-03:00  INFO 86572 --- [           main] a.e.u.d.k.c.DonadoresControllerTest      : No active profile set, falling back to 1 default profile: "default"
2026-05-15T15:32:33.490-03:00  INFO 86572 --- [           main] .s.d.r.c.RepositoryConfigurationDelegate : Bootstrapping Spring Data JPA repositories in DEFAULT mode.
2026-05-15T15:32:33.497-03:00  INFO 86572 --- [           main] .s.d.r.c.RepositoryConfigurationDelegate : Finished Spring Data repository scanning in 6 ms. Found 0 JPA repository interfaces.
2026-05-15T15:32:33.513-03:00  INFO 86572 --- [           main] o.hibernate.jpa.internal.util.LogHelper  : HHH000204: Processing PersistenceUnitInfo [name: default]
2026-05-15T15:32:33.514-03:00  INFO 86572 --- [           main] o.h.c.internal.RegionFactoryInitiator    : HHH000026: Second-level cache disabled
2026-05-15T15:32:33.516-03:00  INFO 86572 --- [           main] o.s.o.j.p.SpringPersistenceUnitInfo      : No LoadTimeWeaver setup: ignoring JPA class transformer
2026-05-15T15:32:33.516-03:00  INFO 86572 --- [           main] com.zaxxer.hikari.HikariDataSource       : HikariPool-31 - Starting...
2026-05-15T15:32:33.517-03:00  INFO 86572 --- [           main] com.zaxxer.hikari.pool.HikariPool        : HikariPool-31 - Added connection conn46: url=jdbc:h2:mem:testdb user=SA
2026-05-15T15:32:33.517-03:00  INFO 86572 --- [           main] com.zaxxer.hikari.HikariDataSource       : HikariPool-31 - Start completed.
2026-05-15T15:32:33.518-03:00  WARN 86572 --- [           main] org.hibernate.orm.deprecation            : HHH90000025: H2Dialect does not need to be specified explicitly using 'hibernate.dialect' (remove the property setting and it will be selected by default)
2026-05-15T15:32:33.518-03:00  INFO 86572 --- [           main] org.hibernate.orm.connections.pooling    : HHH10001005: Database info:
	Database JDBC URL [Connecting through datasource 'HikariDataSource (HikariPool-31)']
	Database driver: undefined/unknown
	Database version: 2.3.232
	Autocommit mode: undefined/unknown
	Isolation level: undefined/unknown
	Minimum pool size: undefined/unknown
	Maximum pool size: undefined/unknown
2026-05-15T15:32:33.523-03:00  INFO 86572 --- [           main] o.h.e.t.j.p.i.JtaPlatformInitiator       : HHH000489: No JTA platform available (set 'hibernate.transaction.jta.platform' to enable JTA platform integration)
2026-05-15T15:32:33.523-03:00  INFO 86572 --- [           main] j.LocalContainerEntityManagerFactoryBean : Initialized JPA EntityManagerFactory for persistence unit 'default'
2026-05-15T15:32:33.532-03:00  WARN 86572 --- [           main] JpaBaseConfiguration$JpaWebConfiguration : spring.jpa.open-in-view is enabled by default. Therefore, database queries may be performed during view rendering. Explicitly configure spring.jpa.open-in-view to disable this warning
2026-05-15T15:32:33.535-03:00  INFO 86572 --- [           main] o.s.v.b.OptionalValidatorFactoryBean     : Failed to set up a Bean Validation provider: jakarta.validation.NoProviderFoundException: Unable to create a Configuration, because no Jakarta Bean Validation provider could be found. Add a provider like Hibernate Validator (RI) to your classpath.
2026-05-15T15:32:33.574-03:00  INFO 86572 --- [           main] o.s.b.a.h2.H2ConsoleAutoConfiguration    : H2 console available at '/h2-console'. Database available at 'jdbc:h2:mem:testdb'
2026-05-15T15:32:33.576-03:00  INFO 86572 --- [           main] o.s.b.t.m.w.SpringBootMockServletContext : Initializing Spring TestDispatcherServlet ''
2026-05-15T15:32:33.576-03:00  INFO 86572 --- [           main] o.s.t.web.servlet.TestDispatcherServlet  : Initializing Servlet ''
2026-05-15T15:32:33.576-03:00  INFO 86572 --- [           main] o.s.b.a.e.web.EndpointLinksResolver      : Exposing 13 endpoints beneath base path '/actuator'
2026-05-15T15:32:33.578-03:00  INFO 86572 --- [           main] o.s.t.web.servlet.TestDispatcherServlet  : Completed initialization in 2 ms
2026-05-15T15:32:33.583-03:00  INFO 86572 --- [           main] a.e.u.d.k.c.DonadoresControllerTest      : Started DonadoresControllerTest in 0.16 seconds (process running for 10.692)
2026-05-15T15:32:33.593-03:00  INFO 86572 --- [           main] j.LocalContainerEntityManagerFactoryBean : Closing JPA EntityManagerFactory for persistence unit 'default'
2026-05-15T15:32:33.593-03:00  INFO 86572 --- [           main] com.zaxxer.hikari.HikariDataSource       : HikariPool-31 - Shutdown initiated...
2026-05-15T15:32:33.593-03:00  INFO 86572 --- [           main] com.zaxxer.hikari.HikariDataSource       : HikariPool-31 - Shutdown completed.
]]></system-out>
  </testcase>
</testsuite>