<?xml version="1.0" encoding="UTF-8"?>
<testsuite xmlns:xsi="http://www.w3.org/2001/XMLSchema-instance" xsi:noNamespaceSchemaLocation="https://maven.apache.org/surefire/maven-surefire-plugin/xsd/surefire-test-report.xsd" version="3.0.2" name="ar.edu.utn.dds.k3003.catedra.incentivos.IncentivosTest" time="0.005" tests="10" errors="0" skipped="10" failures="0">
  <properties/>
  <testcase name="testAsignarInsigniaADonador" classname="ar.edu.utn.dds.k3003.catedra.incentivos.IncentivosTest" time="0.0">
    <skipped message="@EnabledIf(&quot;ar.edu.utn.dds.k3003.catedra.incentivos.IncentivosTest#condicion&quot;) evaluated to false"/>
  </testcase>
  <testcase name="testAsignarMisionEnCursoDeDonador" classname="ar.edu.utn.dds.k3003.catedra.incentivos.IncentivosTest" time="0.0">
    <skipped message="@EnabledIf(&quot;ar.edu.utn.dds.k3003.catedra.incentivos.IncentivosTest#condicion&quot;) evaluated to false"/>
  </testcase>
  <testcase name="testAgregarInsigniaFallido" classname="ar.edu.utn.dds.k3003.catedra.incentivos.IncentivosTest" time="0.0">
    <skipped message="@EnabledIf(&quot;ar.edu.utn.dds.k3003.catedra.incentivos.IncentivosTest#condicion&quot;) evaluated to false"/>
  </testcase>
  <testcase name="testAgregarMision" classname="ar.edu.utn.dds.k3003.catedra.incentivos.IncentivosTest" time="0.0">
    <skipped message="@EnabledIf(&quot;ar.edu.utn.dds.k3003.catedra.incentivos.IncentivosTest#condicion&quot;) evaluated to false"/>
  </testcase>
  <testcase name="testAgregarInsignia" classname="ar.edu.utn.dds.k3003.catedra.incentivos.IncentivosTest" time="0.0">
    <skipped message="@EnabledIf(&quot;ar.edu.utn.dds.k3003.catedra.incentivos.IncentivosTest#condicion&quot;) evaluated to false"/>
  </testcase>
  <testcase name="testGetMisionEnCursoDeDonadorFallido" classname="ar.edu.utn.dds.k3003.catedra.incentivos.IncentivosTest" time="0.0">
    <skipped message="@EnabledIf(&quot;ar.edu.utn.dds.k3003.catedra.incentivos.IncentivosTest#condicion&quot;) evaluated to false"/>
  </testcase>
  <testcase name="testAgregarMisionFallido" classname="ar.edu.utn.dds.k3003.catedra.incentivos.IncentivosTest" time="0.0">
    <skipped message="@EnabledIf(&quot;ar.edu.utn.dds.k3003.catedra.incentivos.IncentivosTest#condicion&quot;) evaluated to false"/>
  </testcase>
  <testcase name="testAsignarMisionNull" classname="ar.edu.utn.dds.k3003.catedra.incentivos.IncentivosTest" time="0.0">
    <skipped message="@EnabledIf(&quot;ar.edu.utn.dds.k3003.catedra.incentivos.IncentivosTest#condicion&quot;) evaluated to false"/>
  </testcase>
  <testcase name="testAsignarInsigniaNullADonador" classname="ar.edu.utn.dds.k3003.catedra.incentivos.IncentivosTest" time="0.0">
    <skipped message="@EnabledIf(&quot;ar.edu.utn.dds.k3003.catedra.incentivos.IncentivosTest#condicion&quot;) evaluated to false"/>
  </testcase>
  <testcase name="testGetInsigniasDeDonadorInexistente" classname="ar.edu.utn.dds.k3003.catedra.incentivos.IncentivosTest" time="0.0">
    <skipped message="@EnabledIf(&quot;ar.edu.utn.dds.k3003.catedra.incentivos.IncentivosTest#condicion&quot;) evaluated to false"/>
  </testcase>
</testsuite>